TN:
SF:src/commandModelFix.js
FN:12,(anonymous_0)
FNF:1
FNH:0
FNDA:0,(anonymous_0)
DA:3,0
DA:6,0
DA:9,0
DA:12,0
DA:14,0
DA:15,0
DA:16,0
DA:19,0
DA:24,0
DA:26,0
DA:32,0
DA:36,0
DA:39,0
DA:40,0
DA:41,0
DA:44,0
DA:45,0
DA:50,0
DA:51,0
DA:54,0
LF:20
LH:0
BRDA:14,0,0,0
BRDA:14,0,1,0
BRDA:24,1,0,0
BRDA:24,1,1,0
BRDA:39,2,0,0
BRDA:39,2,1,0
BRDA:39,3,0,0
BRDA:39,3,1,0
BRDA:40,4,0,0
BRDA:40,4,1,0
BRDA:41,5,0,0
BRDA:41,5,1,0
BRDA:44,6,0,0
BRDA:44,6,1,0
BRF:14
BRH:0
end_of_record
TN:
SF:src/commands/admin/roles.js
FN:21,(anonymous_0)
FN:25,(anonymous_1)
FN:35,(anonymous_2)
FN:39,(anonymous_3)
FN:58,(anonymous_4)
FN:98,setupRoles
FN:127,setupTownHallRoles
FN:147,(anonymous_7)
FN:204,setupClanRoles
FN:217,(anonymous_9)
FN:262,setupWarActivityRoles
FN:275,(anonymous_11)
FN:327,setupDonationRoles
FN:340,(anonymous_13)
FN:392,syncRoles
FN:424,(anonymous_15)
FN:440,(anonymous_16)
FN:478,showRoleConfig
FN:559,assignAllRoles
FN:584,removeAllClanRoles
FN:590,(anonymous_20)
FN:595,(anonymous_21)
FN:600,(anonymous_22)
FN:605,(anonymous_23)
FN:610,(anonymous_24)
FN:611,(anonymous_25)
FN:621,assignTownHallRole
FN:623,(anonymous_27)
FN:627,(anonymous_28)
FN:628,(anonymous_29)
FN:643,assignClanRole
FN:660,(anonymous_31)
FN:661,(anonymous_32)
FN:676,assignWarActivityRole
FN:682,(anonymous_34)
FN:683,(anonymous_35)
FN:709,assignDonationRole
FN:715,(anonymous_37)
FN:716,(anonymous_38)
FN:742,hslToHex
FN:745,(anonymous_40)
FNF:41
FNH:0
FNDA:0,(anonymous_0)
FNDA:0,(anonymous_1)
FNDA:0,(anonymous_2)
FNDA:0,(anonymous_3)
FNDA:0,(anonymous_4)
FNDA:0,setupRoles
FNDA:0,setupTownHallRoles
FNDA:0,(anonymous_7)
FNDA:0,setupClanRoles
FNDA:0,(anonymous_9)
FNDA:0,setupWarActivityRoles
FNDA:0,(anonymous_11)
FNDA:0,setupDonationRoles
FNDA:0,(anonymous_13)
FNDA:0,syncRoles
FNDA:0,(anonymous_15)
FNDA:0,(anonymous_16)
FNDA:0,showRoleConfig
FNDA:0,assignAllRoles
FNDA:0,removeAllClanRoles
FNDA:0,(anonymous_20)
FNDA:0,(anonymous_21)
FNDA:0,(anonymous_22)
FNDA:0,(anonymous_23)
FNDA:0,(anonymous_24)
FNDA:0,(anonymous_25)
FNDA:0,assignTownHallRole
FNDA:0,(anonymous_27)
FNDA:0,(anonymous_28)
FNDA:0,(anonymous_29)
FNDA:0,assignClanRole
FNDA:0,(anonymous_31)
FNDA:0,(anonymous_32)
FNDA:0,assignWarActivityRole
FNDA:0,(anonymous_34)
FNDA:0,(anonymous_35)
FNDA:0,assignDonationRole
FNDA:0,(anonymous_37)
FNDA:0,(anonymous_38)
FNDA:0,hslToHex
FNDA:0,(anonymous_40)
DA:2,0
DA:3,0
DA:4,0
DA:5,0
DA:6,0
DA:10,0
DA:17,0
DA:22,0
DA:26,0
DA:36,0
DA:40,0
DA:59,0
DA:61,0
DA:63,0
DA:64,0
DA:67,0
DA:70,0
DA:71,0
DA:72,0
DA:75,0
DA:77,0
DA:78,0
DA:80,0
DA:81,0
DA:83,0
DA:84,0
DA:86,0
DA:89,0
DA:90,0
DA:99,0
DA:102,0
DA:103,0
DA:106,0
DA:108,0
DA:109,0
DA:111,0
DA:112,0
DA:114,0
DA:115,0
DA:117,0
DA:118,0
DA:120,0
DA:129,0
DA:132,0
DA:145,0
DA:146,0
DA:147,0
DA:149,0
DA:150,0
DA:153,0
DA:154,0
DA:156,0
DA:163,0
DA:165,0
DA:166,0
DA:171,0
DA:178,0
DA:179,0
DA:182,0
DA:189,0
DA:190,0
DA:191,0
DA:198,0
DA:206,0
DA:213,0
DA:216,0
DA:217,0
DA:219,0
DA:220,0
DA:221,0
DA:228,0
DA:230,0
DA:231,0
DA:236,0
DA:240,0
DA:241,0
DA:244,0
DA:256,0
DA:264,0
DA:271,0
DA:274,0
DA:275,0
DA:277,0
DA:278,0
DA:279,0
DA:286,0
DA:288,0
DA:289,0
DA:294,0
DA:298,0
DA:299,0
DA:302,0
DA:308,0
DA:309,0
DA:310,0
DA:311,0
DA:319,0
DA:321,0
DA:329,0
DA:336,0
DA:339,0
DA:340,0
DA:342,0
DA:343,0
DA:344,0
DA:351,0
DA:353,0
DA:354,0
DA:359,0
DA:363,0
DA:364,0
DA:367,0
DA:373,0
DA:374,0
DA:375,0
DA:376,0
DA:384,0
DA:386,0
DA:394,0
DA:395,0
DA:399,0
DA:400,0
DA:401,0
DA:405,0
DA:408,0
DA:416,0
DA:419,0
DA:420,0
DA:422,0
DA:424,0
DA:426,0
DA:427,0
DA:428,0
DA:432,0
DA:435,0
DA:438,0
DA:439,0
DA:440,0
DA:443,0
DA:444,0
DA:446,0
DA:447,0
DA:451,0
DA:453,0
DA:455,0
DA:456,0
DA:461,0
DA:472,0
DA:480,0
DA:481,0
DA:484,0
DA:490,0
DA:491,0
DA:492,0
DA:493,0
DA:494,0
DA:495,0
DA:499,0
DA:500,0
DA:505,0
DA:506,0
DA:507,0
DA:508,0
DA:509,0
DA:510,0
DA:514,0
DA:515,0
DA:520,0
DA:521,0
DA:522,0
DA:523,0
DA:524,0
DA:525,0
DA:529,0
DA:530,0
DA:535,0
DA:536,0
DA:537,0
DA:538,0
DA:539,0
DA:540,0
DA:544,0
DA:545,0
DA:549,0
DA:561,0
DA:562,0
DA:566,0
DA:567,0
DA:571,0
DA:572,0
DA:576,0
DA:577,0
DA:586,0
DA:589,0
DA:590,0
DA:594,0
DA:595,0
DA:599,0
DA:600,0
DA:604,0
DA:605,0
DA:609,0
DA:610,0
DA:611,0
DA:613,0
DA:614,0
DA:623,0
DA:626,0
DA:627,0
DA:628,0
DA:630,0
DA:631,0
DA:635,0
DA:636,0
DA:645,0
DA:653,0
DA:656,0
DA:659,0
DA:660,0
DA:661,0
DA:663,0
DA:664,0
DA:668,0
DA:669,0
DA:678,0
DA:681,0
DA:682,0
DA:683,0
DA:685,0
DA:686,0
DA:690,0
DA:691,0
DA:693,0
DA:694,0
DA:695,0
DA:696,0
DA:701,0
DA:702,0
DA:711,0
DA:714,0
DA:715,0
DA:716,0
DA:718,0
DA:719,0
DA:723,0
DA:724,0
DA:726,0
DA:727,0
DA:728,0
DA:729,0
DA:734,0
DA:735,0
DA:743,0
DA:744,0
DA:745,0
DA:746,0
DA:747,0
DA:748,0
DA:750,0
LF:259
LH:0
BRDA:63,0,0,0
BRDA:63,0,1,0
BRDA:71,1,0,0
BRDA:71,1,1,0
BRDA:75,2,0,0
BRDA:75,2,1,0
BRDA:75,2,2,0
BRDA:75,2,3,0
BRDA:102,3,0,0
BRDA:102,3,1,0
BRDA:106,4,0,0
BRDA:106,4,1,0
BRDA:106,4,2,0
BRDA:106,4,3,0
BRDA:106,4,4,0
BRDA:149,5,0,0
BRDA:149,5,1,0
BRDA:173,6,0,0
BRDA:173,6,1,0
BRDA:219,7,0,0
BRDA:219,7,1,0
BRDA:277,8,0,0
BRDA:277,8,1,0
BRDA:310,9,0,0
BRDA:310,9,1,0
BRDA:342,10,0,0
BRDA:342,10,1,0
BRDA:375,11,0,0
BRDA:375,11,1,0
BRDA:394,12,0,0
BRDA:394,12,1,0
BRDA:400,13,0,0
BRDA:400,13,1,0
BRDA:420,14,0,0
BRDA:420,14,1,0
BRDA:426,15,0,0
BRDA:426,15,1,0
BRDA:435,16,0,0
BRDA:435,16,1,0
BRDA:439,17,0,0
BRDA:439,17,1,0
BRDA:439,18,0,0
BRDA:439,18,1,0
BRDA:443,19,0,0
BRDA:443,19,1,0
BRDA:480,20,0,0
BRDA:480,20,1,0
BRDA:490,21,0,0
BRDA:490,21,1,0
BRDA:494,22,0,0
BRDA:494,22,1,0
BRDA:499,23,0,0
BRDA:499,23,1,0
BRDA:505,24,0,0
BRDA:505,24,1,0
BRDA:509,25,0,0
BRDA:509,25,1,0
BRDA:514,26,0,0
BRDA:514,26,1,0
BRDA:520,27,0,0
BRDA:520,27,1,0
BRDA:524,28,0,0
BRDA:524,28,1,0
BRDA:529,29,0,0
BRDA:529,29,1,0
BRDA:535,30,0,0
BRDA:535,30,1,0
BRDA:539,31,0,0
BRDA:539,31,1,0
BRDA:544,32,0,0
BRDA:544,32,1,0
BRDA:561,33,0,0
BRDA:561,33,1,0
BRDA:566,34,0,0
BRDA:566,34,1,0
BRDA:567,35,0,0
BRDA:567,35,1,0
BRDA:571,36,0,0
BRDA:571,36,1,0
BRDA:572,37,0,0
BRDA:572,37,1,0
BRDA:576,38,0,0
BRDA:576,38,1,0
BRDA:576,39,0,0
BRDA:576,39,1,0
BRDA:577,40,0,0
BRDA:577,40,1,0
BRDA:589,41,0,0
BRDA:589,41,1,0
BRDA:594,42,0,0
BRDA:594,42,1,0
BRDA:599,43,0,0
BRDA:599,43,1,0
BRDA:604,44,0,0
BRDA:604,44,1,0
BRDA:613,45,0,0
BRDA:613,45,1,0
BRDA:630,46,0,0
BRDA:630,46,1,0
BRDA:635,47,0,0
BRDA:635,47,1,0
BRDA:653,48,0,0
BRDA:653,48,1,0
BRDA:663,49,0,0
BRDA:663,49,1,0
BRDA:668,50,0,0
BRDA:668,50,1,0
BRDA:685,51,0,0
BRDA:685,51,1,0
BRDA:694,52,0,0
BRDA:694,52,1,0
BRDA:694,53,0,0
BRDA:694,53,1,0
BRDA:701,54,0,0
BRDA:701,54,1,0
BRDA:718,55,0,0
BRDA:718,55,1,0
BRDA:727,56,0,0
BRDA:727,56,1,0
BRDA:727,57,0,0
BRDA:727,57,1,0
BRDA:734,58,0,0
BRDA:734,58,1,0
BRF:123
BRH:0
end_of_record
TN:
SF:src/commands/admin/setclan.js
FN:13,(anonymous_0)
FN:17,(anonymous_1)
FN:21,(anonymous_2)
FN:32,(anonymous_3)
FN:40,(anonymous_4)
FN:104,(anonymous_5)
FNF:6
FNH:0
FNDA:0,(anonymous_0)
FNDA:0,(anonymous_1)
FNDA:0,(anonymous_2)
FNDA:0,(anonymous_3)
FNDA:0,(anonymous_4)
FNDA:0,(anonymous_5)
DA:1,0
DA:2,0
DA:3,0
DA:4,0
DA:5,0
DA:6,0
DA:7,0
DA:9,0
DA:14,0
DA:18,0
DA:22,0
DA:34,0
DA:35,0
DA:36,0
DA:38,0
DA:40,0
DA:41,0
DA:42,0
DA:46,0
DA:47,0
DA:48,0
DA:49,0
DA:50,0
DA:51,0
DA:53,0
DA:54,0
DA:62,0
DA:63,0
DA:65,0
DA:66,0
DA:67,0
DA:68,0
DA:74,0
DA:78,0
DA:79,0
DA:80,0
DA:81,0
DA:83,0
DA:86,0
DA:87,0
DA:93,0
DA:100,0
DA:101,0
DA:104,0
DA:105,0
DA:106,0
DA:108,0
DA:111,0
DA:112,0
DA:113,0
DA:115,0
DA:116,0
DA:123,0
DA:124,0
DA:125,0
DA:147,0
DA:150,0
DA:177,0
DA:180,0
DA:183,0
DA:185,0
DA:192,0
DA:195,0
LF:63
LH:0
BRDA:47,0,0,0
BRDA:47,0,1,0
BRDA:66,1,0,0
BRDA:66,1,1,0
BRDA:86,2,0,0
BRDA:86,2,1,0
BRDA:101,3,0,0
BRDA:101,3,1,0
BRDA:105,4,0,0
BRDA:105,4,1,0
BRDA:105,5,0,0
BRDA:105,5,1,0
BRDA:154,6,0,0
BRDA:154,6,1,0
BRDA:162,7,0,0
BRDA:162,7,1,0
BRF:16
BRH:0
end_of_record
TN:
SF:src/commands/capital/raids.js
FN:11,(anonymous_0)
FN:15,(anonymous_1)
FN:19,(anonymous_2)
FN:36,(anonymous_3)
FN:84,showRaidStatus
FN:126,(anonymous_5)
FN:139,showParticipation
FN:168,(anonymous_7)
FN:182,(anonymous_8)
FN:204,showLeaderboard
FN:210,(anonymous_10)
FN:266,isRaidActive
FN:280,calculateTotalCapitalGold
FN:283,(anonymous_13)
FNF:14
FNH:0
FNDA:0,(anonymous_0)
FNDA:0,(anonymous_1)
FNDA:0,(anonymous_2)
FNDA:0,(anonymous_3)
FNDA:0,showRaidStatus
FNDA:0,(anonymous_5)
FNDA:0,showParticipation
FNDA:0,(anonymous_7)
FNDA:0,(anonymous_8)
FNDA:0,showLeaderboard
FNDA:0,(anonymous_10)
FNDA:0,isRaidActive
FNDA:0,calculateTotalCapitalGold
FNDA:0,(anonymous_13)
DA:2,0
DA:3,0
DA:4,0
DA:5,0
DA:7,0
DA:12,0
DA:16,0
DA:20,0
DA:37,0
DA:39,0
DA:40,0
DA:43,0
DA:44,0
DA:45,0
DA:49,0
DA:52,0
DA:54,0
DA:55,0
DA:59,0
DA:61,0
DA:63,0
DA:64,0
DA:66,0
DA:67,0
DA:69,0
DA:70,0
DA:72,0
DA:75,0
DA:76,0
DA:86,0
DA:89,0
DA:90,0
DA:91,0
DA:92,0
DA:93,0
DA:94,0
DA:97,0
DA:113,0
DA:114,0
DA:115,0
DA:116,0
DA:118,0
DA:125,0
DA:126,0
DA:127,0
DA:130,0
DA:133,0
DA:140,0
DA:141,0
DA:145,0
DA:146,0
DA:149,0
DA:150,0
DA:151,0
DA:152,0
DA:153,0
DA:155,0
DA:159,0
DA:168,0
DA:169,0
DA:170,0
DA:173,0
DA:174,0
DA:178,0
DA:182,0
DA:183,0
DA:190,0
DA:191,0
DA:192,0
DA:198,0
DA:205,0
DA:206,0
DA:210,0
DA:211,0
DA:215,0
DA:216,0
DA:219,0
DA:228,0
DA:229,0
DA:231,0
DA:232,0
DA:233,0
DA:234,0
DA:235,0
DA:237,0
DA:241,0
DA:242,0
DA:245,0
DA:248,0
DA:249,0
DA:250,0
DA:252,0
DA:258,0
DA:267,0
DA:269,0
DA:270,0
DA:271,0
DA:273,0
DA:274,0
DA:281,0
DA:283,0
DA:284,0
LF:102
LH:0
BRDA:44,0,0,0
BRDA:44,0,1,0
BRDA:54,1,0,0
BRDA:54,1,1,0
BRDA:54,2,0,0
BRDA:54,2,1,0
BRDA:54,2,2,0
BRDA:61,3,0,0
BRDA:61,3,1,0
BRDA:61,3,2,0
BRDA:61,3,3,0
BRDA:89,4,0,0
BRDA:89,4,1,0
BRDA:90,5,0,0
BRDA:90,5,1,0
BRDA:92,6,0,0
BRDA:92,6,1,0
BRDA:93,7,0,0
BRDA:93,7,1,0
BRDA:98,8,0,0
BRDA:98,8,1,0
BRDA:99,9,0,0
BRDA:99,9,1,0
BRDA:102,10,0,0
BRDA:102,10,1,0
BRDA:107,11,0,0
BRDA:107,11,1,0
BRDA:113,12,0,0
BRDA:113,12,1,0
BRDA:125,13,0,0
BRDA:125,13,1,0
BRDA:130,14,0,0
BRDA:130,14,1,0
BRDA:140,15,0,0
BRDA:140,15,1,0
BRDA:140,16,0,0
BRDA:140,16,1,0
BRDA:145,17,0,0
BRDA:145,17,1,0
BRDA:151,18,0,0
BRDA:151,18,1,0
BRDA:152,19,0,0
BRDA:152,19,1,0
BRDA:173,20,0,0
BRDA:173,20,1,0
BRDA:184,21,0,0
BRDA:184,21,1,0
BRDA:184,22,0,0
BRDA:184,22,1,0
BRDA:191,23,0,0
BRDA:191,23,1,0
BRDA:193,24,0,0
BRDA:193,24,1,0
BRDA:205,25,0,0
BRDA:205,25,1,0
BRDA:205,26,0,0
BRDA:205,26,1,0
BRDA:211,27,0,0
BRDA:211,27,1,0
BRDA:211,28,0,0
BRDA:211,28,1,0
BRDA:216,29,0,0
BRDA:216,29,1,0
BRDA:233,30,0,0
BRDA:233,30,1,0
BRDA:234,31,0,0
BRDA:234,31,1,0
BRDA:235,32,0,0
BRDA:235,32,1,0
BRDA:235,33,0,0
BRDA:235,33,1,0
BRDA:235,34,0,0
BRDA:235,34,1,0
BRDA:241,35,0,0
BRDA:241,35,1,0
BRDA:248,36,0,0
BRDA:248,36,1,0
BRDA:267,37,0,0
BRDA:267,37,1,0
BRDA:274,38,0,0
BRDA:274,38,1,0
BRDA:281,39,0,0
BRDA:281,39,1,0
BRDA:284,40,0,0
BRDA:284,40,1,0
BRF:85
BRH:0
end_of_record
TN:
SF:src/commands/clan/activity.js
FN:13,(anonymous_0)
FN:17,(anonymous_1)
FN:21,(anonymous_2)
FN:25,(anonymous_3)
FN:29,(anonymous_4)
FN:33,(anonymous_5)
FN:37,(anonymous_6)
FN:56,(anonymous_7)
FN:94,showActivityOverview
FN:108,(anonymous_9)
FN:125,(anonymous_10)
FN:176,(anonymous_11)
FN:198,(anonymous_12)
FN:199,(anonymous_13)
FN:212,showDonationStats
FN:221,(anonymous_15)
FN:224,(anonymous_16)
FN:225,(anonymous_17)
FN:263,(anonymous_18)
FN:274,(anonymous_19)
FN:282,(anonymous_20)
FN:283,(anonymous_21)
FN:288,(anonymous_22)
FN:302,showInactiveMembers
FN:313,(anonymous_24)
FN:316,(anonymous_25)
FN:335,(anonymous_26)
FN:376,(anonymous_27)
FN:392,(anonymous_28)
FN:395,(anonymous_29)
FN:410,showMemberActivity
FN:469,(anonymous_31)
FN:518,calculateActivityTrend
FN:524,(anonymous_33)
FN:595,calculateActivityRating
FN:693,getTownHallMinTrophies
FN:718,getRoleEmoji
FN:731,chunkArray
FNF:38
FNH:0
FNDA:0,(anonymous_0)
FNDA:0,(anonymous_1)
FNDA:0,(anonymous_2)
FNDA:0,(anonymous_3)
FNDA:0,(anonymous_4)
FNDA:0,(anonymous_5)
FNDA:0,(anonymous_6)
FNDA:0,(anonymous_7)
FNDA:0,showActivityOverview
FNDA:0,(anonymous_9)
FNDA:0,(anonymous_10)
FNDA:0,(anonymous_11)
FNDA:0,(anonymous_12)
FNDA:0,(anonymous_13)
FNDA:0,showDonationStats
FNDA:0,(anonymous_15)
FNDA:0,(anonymous_16)
FNDA:0,(anonymous_17)
FNDA:0,(anonymous_18)
FNDA:0,(anonymous_19)
FNDA:0,(anonymous_20)
FNDA:0,(anonymous_21)
FNDA:0,(anonymous_22)
FNDA:0,showInactiveMembers
FNDA:0,(anonymous_24)
FNDA:0,(anonymous_25)
FNDA:0,(anonymous_26)
FNDA:0,(anonymous_27)
FNDA:0,(anonymous_28)
FNDA:0,(anonymous_29)
FNDA:0,showMemberActivity
FNDA:0,(anonymous_31)
FNDA:0,calculateActivityTrend
FNDA:0,(anonymous_33)
FNDA:0,calculateActivityRating
FNDA:0,getTownHallMinTrophies
FNDA:0,getRoleEmoji
FNDA:0,chunkArray
DA:2,0
DA:3,0
DA:4,0
DA:5,0
DA:6,0
DA:7,0
DA:9,0
DA:14,0
DA:18,0
DA:22,0
DA:26,0
DA:30,0
DA:34,0
DA:38,0
DA:57,0
DA:59,0
DA:60,0
DA:63,0
DA:64,0
DA:65,0
DA:68,0
DA:70,0
DA:71,0
DA:73,0
DA:74,0
DA:76,0
DA:77,0
DA:79,0
DA:80,0
DA:82,0
DA:85,0
DA:86,0
DA:96,0
DA:98,0
DA:99,0
DA:103,0
DA:104,0
DA:107,0
DA:108,0
DA:112,0
DA:113,0
DA:114,0
DA:115,0
DA:120,0
DA:121,0
DA:122,0
DA:123,0
DA:125,0
DA:126,0
DA:127,0
DA:129,0
DA:130,0
DA:135,0
DA:136,0
DA:140,0
DA:141,0
DA:143,0
DA:144,0
DA:145,0
DA:146,0
DA:151,0
DA:154,0
DA:170,0
DA:171,0
DA:175,0
DA:176,0
DA:178,0
DA:181,0
DA:182,0
DA:184,0
DA:185,0
DA:188,0
DA:191,0
DA:192,0
DA:193,0
DA:196,0
DA:198,0
DA:200,0
DA:204,0
DA:206,0
DA:214,0
DA:216,0
DA:217,0
DA:221,0
DA:224,0
DA:225,0
DA:226,0
DA:229,0
DA:236,0
DA:237,0
DA:239,0
DA:240,0
DA:242,0
DA:246,0
DA:247,0
DA:250,0
DA:253,0
DA:263,0
DA:264,0
DA:265,0
DA:266,0
DA:267,0
DA:268,0
DA:273,0
DA:274,0
DA:275,0
DA:278,0
DA:281,0
DA:282,0
DA:283,0
DA:286,0
DA:287,0
DA:288,0
DA:289,0
DA:290,0
DA:293,0
DA:296,0
DA:303,0
DA:306,0
DA:308,0
DA:309,0
DA:313,0
DA:316,0
DA:317,0
DA:318,0
DA:322,0
DA:323,0
DA:325,0
DA:326,0
DA:327,0
DA:330,0
DA:331,0
DA:335,0
DA:337,0
DA:338,0
DA:339,0
DA:341,0
DA:342,0
DA:343,0
DA:346,0
DA:351,0
DA:352,0
DA:353,0
DA:355,0
DA:356,0
DA:357,0
DA:361,0
DA:362,0
DA:376,0
DA:379,0
DA:386,0
DA:387,0
DA:390,0
DA:392,0
DA:393,0
DA:395,0
DA:396,0
DA:397,0
DA:400,0
DA:404,0
DA:412,0
DA:413,0
DA:416,0
DA:417,0
DA:419,0
DA:420,0
DA:423,0
DA:424,0
DA:426,0
DA:428,0
DA:429,0
DA:432,0
DA:436,0
DA:437,0
DA:438,0
DA:440,0
DA:444,0
DA:446,0
DA:447,0
DA:451,0
DA:454,0
DA:468,0
DA:469,0
DA:470,0
DA:473,0
DA:477,0
DA:478,0
DA:479,0
DA:481,0
DA:482,0
DA:484,0
DA:485,0
DA:486,0
DA:488,0
DA:489,0
DA:490,0
DA:493,0
DA:494,0
DA:497,0
DA:502,0
DA:503,0
DA:505,0
DA:509,0
DA:510,0
DA:512,0
DA:520,0
DA:521,0
DA:522,0
DA:524,0
DA:525,0
DA:528,0
DA:529,0
DA:530,0
DA:532,0
DA:533,0
DA:534,0
DA:536,0
DA:537,0
DA:539,0
DA:543,0
DA:544,0
DA:545,0
DA:547,0
DA:548,0
DA:549,0
DA:551,0
DA:556,0
DA:561,0
DA:564,0
DA:565,0
DA:567,0
DA:568,0
DA:572,0
DA:573,0
DA:574,0
DA:575,0
DA:576,0
DA:577,0
DA:578,0
DA:580,0
DA:583,0
DA:585,0
DA:597,0
DA:605,0
DA:606,0
DA:607,0
DA:608,0
DA:609,0
DA:610,0
DA:614,0
DA:615,0
DA:617,0
DA:618,0
DA:619,0
DA:620,0
DA:621,0
DA:624,0
DA:625,0
DA:627,0
DA:628,0
DA:629,0
DA:630,0
DA:631,0
DA:634,0
DA:635,0
DA:636,0
DA:637,0
DA:639,0
DA:640,0
DA:641,0
DA:642,0
DA:643,0
DA:648,0
DA:653,0
DA:656,0
DA:657,0
DA:659,0
DA:660,0
DA:661,0
DA:662,0
DA:663,0
DA:664,0
DA:665,0
DA:666,0
DA:667,0
DA:668,0
DA:669,0
DA:670,0
DA:672,0
DA:673,0
DA:677,0
DA:678,0
DA:679,0
DA:680,0
DA:681,0
DA:683,0
DA:694,0
DA:712,0
DA:719,0
DA:720,0
DA:721,0
DA:722,0
DA:723,0
DA:724,0
DA:732,0
DA:733,0
DA:734,0
DA:736,0
LF:308
LH:0
BRDA:64,0,0,0
BRDA:64,0,1,0
BRDA:68,1,0,0
BRDA:68,1,1,0
BRDA:68,1,2,0
BRDA:68,1,3,0
BRDA:68,1,4,0
BRDA:98,2,0,0
BRDA:98,2,1,0
BRDA:98,3,0,0
BRDA:98,3,1,0
BRDA:114,4,0,0
BRDA:114,4,1,0
BRDA:114,5,0,0
BRDA:114,5,1,0
BRDA:126,6,0,0
BRDA:126,6,1,0
BRDA:127,7,0,0
BRDA:127,7,1,0
BRDA:129,8,0,0
BRDA:129,8,1,0
BRDA:129,9,0,0
BRDA:129,9,1,0
BRDA:135,10,0,0
BRDA:135,10,1,0
BRDA:143,11,0,0
BRDA:143,11,1,0
BRDA:143,12,0,0
BRDA:143,12,1,0
BRDA:144,13,0,0
BRDA:144,13,1,0
BRDA:144,14,0,0
BRDA:144,14,1,0
BRDA:144,15,0,0
BRDA:144,15,1,0
BRDA:145,16,0,0
BRDA:145,16,1,0
BRDA:170,17,0,0
BRDA:170,17,1,0
BRDA:178,18,0,0
BRDA:178,18,1,0
BRDA:178,18,2,0
BRDA:182,19,0,0
BRDA:182,19,1,0
BRDA:182,20,0,0
BRDA:182,20,1,0
BRDA:182,20,2,0
BRDA:188,21,0,0
BRDA:188,21,1,0
BRDA:192,22,0,0
BRDA:192,22,1,0
BRDA:216,23,0,0
BRDA:216,23,1,0
BRDA:216,24,0,0
BRDA:216,24,1,0
BRDA:221,25,0,0
BRDA:221,25,1,0
BRDA:221,26,0,0
BRDA:221,26,1,0
BRDA:224,27,0,0
BRDA:224,27,1,0
BRDA:225,28,0,0
BRDA:225,28,1,0
BRDA:240,29,0,0
BRDA:240,29,1,0
BRDA:240,30,0,0
BRDA:240,30,1,0
BRDA:240,31,0,0
BRDA:240,31,1,0
BRDA:242,32,0,0
BRDA:242,32,1,0
BRDA:242,33,0,0
BRDA:242,33,1,0
BRDA:246,34,0,0
BRDA:246,34,1,0
BRDA:246,35,0,0
BRDA:246,35,1,0
BRDA:250,36,0,0
BRDA:250,36,1,0
BRDA:264,37,0,0
BRDA:264,37,1,0
BRDA:266,38,0,0
BRDA:266,38,1,0
BRDA:282,39,0,0
BRDA:282,39,1,0
BRDA:282,39,2,0
BRDA:282,40,0,0
BRDA:282,40,1,0
BRDA:282,41,0,0
BRDA:282,41,1,0
BRDA:286,42,0,0
BRDA:286,42,1,0
BRDA:290,43,0,0
BRDA:290,43,1,0
BRDA:290,44,0,0
BRDA:290,44,1,0
BRDA:303,45,0,0
BRDA:303,45,1,0
BRDA:308,46,0,0
BRDA:308,46,1,0
BRDA:308,47,0,0
BRDA:308,47,1,0
BRDA:330,48,0,0
BRDA:330,48,1,0
BRDA:330,49,0,0
BRDA:330,49,1,0
BRDA:335,50,0,0
BRDA:335,50,1,0
BRDA:337,51,0,0
BRDA:337,51,1,0
BRDA:341,52,0,0
BRDA:341,52,1,0
BRDA:351,53,0,0
BRDA:351,53,1,0
BRDA:351,53,2,0
BRDA:353,54,0,0
BRDA:353,54,1,0
BRDA:356,55,0,0
BRDA:356,55,1,0
BRDA:361,56,0,0
BRDA:361,56,1,0
BRDA:361,57,0,0
BRDA:361,57,1,0
BRDA:368,58,0,0
BRDA:368,58,1,0
BRDA:369,59,0,0
BRDA:369,59,1,0
BRDA:386,60,0,0
BRDA:386,60,1,0
BRDA:416,61,0,0
BRDA:416,61,1,0
BRDA:416,62,0,0
BRDA:416,62,1,0
BRDA:419,63,0,0
BRDA:419,63,1,0
BRDA:419,64,0,0
BRDA:419,64,1,0
BRDA:424,65,0,0
BRDA:424,65,1,0
BRDA:428,66,0,0
BRDA:428,66,1,0
BRDA:428,67,0,0
BRDA:428,67,1,0
BRDA:436,68,0,0
BRDA:436,68,1,0
BRDA:437,69,0,0
BRDA:437,69,1,0
BRDA:446,70,0,0
BRDA:446,70,1,0
BRDA:457,71,0,0
BRDA:457,71,1,0
BRDA:462,72,0,0
BRDA:462,72,1,0
BRDA:462,73,0,0
BRDA:462,73,1,0
BRDA:463,74,0,0
BRDA:463,74,1,0
BRDA:464,75,0,0
BRDA:464,75,1,0
BRDA:468,76,0,0
BRDA:468,76,1,0
BRDA:468,77,0,0
BRDA:468,77,1,0
BRDA:477,78,0,0
BRDA:477,78,1,0
BRDA:477,79,0,0
BRDA:477,79,1,0
BRDA:481,80,0,0
BRDA:481,80,1,0
BRDA:481,81,0,0
BRDA:481,81,1,0
BRDA:484,82,0,0
BRDA:484,82,1,0
BRDA:489,83,0,0
BRDA:489,83,1,0
BRDA:490,84,0,0
BRDA:490,84,1,0
BRDA:493,85,0,0
BRDA:493,85,1,0
BRDA:528,86,0,0
BRDA:528,86,1,0
BRDA:528,87,0,0
BRDA:528,87,1,0
BRDA:530,88,0,0
BRDA:530,88,1,0
BRDA:530,89,0,0
BRDA:530,89,1,0
BRDA:532,90,0,0
BRDA:532,90,1,0
BRDA:536,91,0,0
BRDA:536,91,1,0
BRDA:543,92,0,0
BRDA:543,92,1,0
BRDA:543,92,2,0
BRDA:545,93,0,0
BRDA:545,93,1,0
BRDA:548,94,0,0
BRDA:548,94,1,0
BRDA:567,95,0,0
BRDA:567,95,1,0
BRDA:573,96,0,0
BRDA:573,96,1,0
BRDA:575,97,0,0
BRDA:575,97,1,0
BRDA:577,98,0,0
BRDA:577,98,1,0
BRDA:605,99,0,0
BRDA:605,99,1,0
BRDA:606,100,0,0
BRDA:606,100,1,0
BRDA:607,101,0,0
BRDA:607,101,1,0
BRDA:608,102,0,0
BRDA:608,102,1,0
BRDA:609,103,0,0
BRDA:609,103,1,0
BRDA:610,104,0,0
BRDA:610,104,1,0
BRDA:617,105,0,0
BRDA:617,105,1,0
BRDA:618,106,0,0
BRDA:618,106,1,0
BRDA:619,107,0,0
BRDA:619,107,1,0
BRDA:620,108,0,0
BRDA:620,108,1,0
BRDA:621,109,0,0
BRDA:621,109,1,0
BRDA:627,110,0,0
BRDA:627,110,1,0
BRDA:628,111,0,0
BRDA:628,111,1,0
BRDA:629,112,0,0
BRDA:629,112,1,0
BRDA:630,113,0,0
BRDA:630,113,1,0
BRDA:631,114,0,0
BRDA:631,114,1,0
BRDA:634,115,0,0
BRDA:634,115,1,0
BRDA:634,116,0,0
BRDA:634,116,1,0
BRDA:639,117,0,0
BRDA:639,117,1,0
BRDA:640,118,0,0
BRDA:640,118,1,0
BRDA:641,119,0,0
BRDA:641,119,1,0
BRDA:642,120,0,0
BRDA:642,120,1,0
BRDA:643,121,0,0
BRDA:643,121,1,0
BRDA:659,122,0,0
BRDA:659,122,1,0
BRDA:662,123,0,0
BRDA:662,123,1,0
BRDA:665,124,0,0
BRDA:665,124,1,0
BRDA:668,125,0,0
BRDA:668,125,1,0
BRDA:712,126,0,0
BRDA:712,126,1,0
BRDA:719,127,0,0
BRDA:719,127,1,0
BRDA:719,127,2,0
BRDA:719,127,3,0
BRDA:719,127,4,0
BRF:267
BRH:0
end_of_record
TN:
SF:src/commands/clan/clangames.js
FN:63,(anonymous_0)
FN:67,(anonymous_1)
FN:71,(anonymous_2)
FN:75,(anonymous_3)
FN:79,(anonymous_4)
FN:83,(anonymous_5)
FN:87,(anonymous_6)
FN:91,(anonymous_7)
FN:95,(anonymous_8)
FN:99,(anonymous_9)
FN:103,(anonymous_10)
FN:107,(anonymous_11)
FN:126,(anonymous_12)
FN:164,startClanGames
FN:267,updatePlayerPoints
FN:291,(anonymous_15)
FN:357,(anonymous_16)
FN:370,showStatus
FN:379,(anonymous_18)
FN:382,(anonymous_19)
FN:409,(anonymous_20)
FN:412,(anonymous_21)
FN:437,showLeaderboard
FN:446,(anonymous_23)
FN:456,(anonymous_24)
FN:505,(anonymous_25)
FN:508,(anonymous_26)
FN:519,(anonymous_27)
FN:531,findActiveClanGames
FN:554,createProgressBar
FN:570,formatTimeRemaining
FNF:31
FNH:0
FNDA:0,(anonymous_0)
FNDA:0,(anonymous_1)
FNDA:0,(anonymous_2)
FNDA:0,(anonymous_3)
FNDA:0,(anonymous_4)
FNDA:0,(anonymous_5)
FNDA:0,(anonymous_6)
FNDA:0,(anonymous_7)
FNDA:0,(anonymous_8)
FNDA:0,(anonymous_9)
FNDA:0,(anonymous_10)
FNDA:0,(anonymous_11)
FNDA:0,(anonymous_12)
FNDA:0,startClanGames
FNDA:0,updatePlayerPoints
FNDA:0,(anonymous_15)
FNDA:0,(anonymous_16)
FNDA:0,showStatus
FNDA:0,(anonymous_18)
FNDA:0,(anonymous_19)
FNDA:0,(anonymous_20)
FNDA:0,(anonymous_21)
FNDA:0,showLeaderboard
FNDA:0,(anonymous_23)
FNDA:0,(anonymous_24)
FNDA:0,(anonymous_25)
FNDA:0,(anonymous_26)
FNDA:0,(anonymous_27)
FNDA:0,findActiveClanGames
FNDA:0,createProgressBar
FNDA:0,formatTimeRemaining
DA:2,0
DA:3,0
DA:4,0
DA:5,0
DA:6,0
DA:9,0
DA:55,0
DA:57,0
DA:59,0
DA:64,0
DA:68,0
DA:72,0
DA:76,0
DA:80,0
DA:84,0
DA:88,0
DA:92,0
DA:96,0
DA:100,0
DA:104,0
DA:108,0
DA:127,0
DA:129,0
DA:130,0
DA:133,0
DA:134,0
DA:135,0
DA:138,0
DA:140,0
DA:141,0
DA:143,0
DA:144,0
DA:146,0
DA:147,0
DA:149,0
DA:150,0
DA:152,0
DA:155,0
DA:156,0
DA:165,0
DA:166,0
DA:167,0
DA:168,0
DA:169,0
DA:175,0
DA:177,0
DA:178,0
DA:182,0
DA:185,0
DA:188,0
DA:189,0
DA:192,0
DA:193,0
DA:197,0
DA:199,0
DA:200,0
DA:204,0
DA:207,0
DA:210,0
DA:211,0
DA:214,0
DA:215,0
DA:219,0
DA:220,0
DA:224,0
DA:227,0
DA:232,0
DA:233,0
DA:237,0
DA:247,0
DA:250,0
DA:261,0
DA:269,0
DA:270,0
DA:271,0
DA:273,0
DA:275,0
DA:276,0
DA:279,0
DA:280,0
DA:284,0
DA:286,0
DA:287,0
DA:291,0
DA:294,0
DA:295,0
DA:297,0
DA:298,0
DA:299,0
DA:302,0
DA:303,0
DA:304,0
DA:305,0
DA:308,0
DA:314,0
DA:316,0
DA:317,0
DA:320,0
DA:321,0
DA:325,0
DA:326,0
DA:330,0
DA:331,0
DA:335,0
DA:344,0
DA:347,0
DA:357,0
DA:358,0
DA:360,0
DA:364,0
DA:372,0
DA:374,0
DA:375,0
DA:379,0
DA:380,0
DA:381,0
DA:382,0
DA:385,0
DA:386,0
DA:387,0
DA:390,0
DA:393,0
DA:407,0
DA:408,0
DA:409,0
DA:412,0
DA:413,0
DA:414,0
DA:417,0
DA:421,0
DA:422,0
DA:423,0
DA:424,0
DA:431,0
DA:439,0
DA:441,0
DA:442,0
DA:446,0
DA:448,0
DA:449,0
DA:453,0
DA:456,0
DA:460,0
DA:461,0
DA:463,0
DA:464,0
DA:465,0
DA:466,0
DA:469,0
DA:470,0
DA:472,0
DA:473,0
DA:480,0
DA:482,0
DA:486,0
DA:487,0
DA:490,0
DA:493,0
DA:505,0
DA:506,0
DA:508,0
DA:513,0
DA:514,0
DA:515,0
DA:519,0
DA:520,0
DA:523,0
DA:525,0
DA:533,0
DA:535,0
DA:542,0
DA:543,0
DA:548,0
DA:555,0
DA:556,0
DA:559,0
DA:560,0
DA:561,0
DA:562,0
DA:564,0
DA:572,0
DA:575,0
DA:576,0
DA:577,0
DA:578,0
DA:579,0
DA:582,0
DA:583,0
DA:584,0
DA:585,0
DA:587,0
LF:191
LH:0
BRDA:134,0,0,0
BRDA:134,0,1,0
BRDA:138,1,0,0
BRDA:138,1,1,0
BRDA:138,1,2,0
BRDA:138,1,3,0
BRDA:138,1,4,0
BRDA:169,2,0,0
BRDA:169,2,1,0
BRDA:177,3,0,0
BRDA:177,3,1,0
BRDA:188,4,0,0
BRDA:188,4,1,0
BRDA:188,5,0,0
BRDA:188,5,1,0
BRDA:188,5,2,0
BRDA:188,5,3,0
BRDA:199,6,0,0
BRDA:199,6,1,0
BRDA:210,7,0,0
BRDA:210,7,1,0
BRDA:210,8,0,0
BRDA:210,8,1,0
BRDA:210,8,2,0
BRDA:210,8,3,0
BRDA:219,9,0,0
BRDA:219,9,1,0
BRDA:232,10,0,0
BRDA:232,10,1,0
BRDA:270,11,0,0
BRDA:270,11,1,0
BRDA:279,12,0,0
BRDA:279,12,1,0
BRDA:279,13,0,0
BRDA:279,13,1,0
BRDA:286,14,0,0
BRDA:286,14,1,0
BRDA:298,15,0,0
BRDA:298,15,1,0
BRDA:302,16,0,0
BRDA:302,16,1,0
BRDA:314,17,0,0
BRDA:314,17,1,0
BRDA:320,18,0,0
BRDA:320,18,1,0
BRDA:325,19,0,0
BRDA:325,19,1,0
BRDA:330,20,0,0
BRDA:330,20,1,0
BRDA:350,21,0,0
BRDA:350,21,1,0
BRDA:374,22,0,0
BRDA:374,22,1,0
BRDA:387,23,0,0
BRDA:387,23,1,0
BRDA:407,24,0,0
BRDA:407,24,1,0
BRDA:413,25,0,0
BRDA:413,25,1,0
BRDA:413,26,0,0
BRDA:413,26,1,0
BRDA:413,27,0,0
BRDA:413,27,1,0
BRDA:421,28,0,0
BRDA:421,28,1,0
BRDA:423,29,0,0
BRDA:423,29,1,0
BRDA:441,30,0,0
BRDA:441,30,1,0
BRDA:448,31,0,0
BRDA:448,31,1,0
BRDA:465,32,0,0
BRDA:465,32,1,0
BRDA:465,33,0,0
BRDA:465,33,1,0
BRDA:465,34,0,0
BRDA:465,34,1,0
BRDA:466,35,0,0
BRDA:466,35,1,0
BRDA:469,36,0,0
BRDA:469,36,1,0
BRDA:480,37,0,0
BRDA:480,37,1,0
BRDA:486,38,0,0
BRDA:486,38,1,0
BRDA:513,39,0,0
BRDA:513,39,1,0
BRDA:520,40,0,0
BRDA:520,40,1,0
BRDA:542,41,0,0
BRDA:542,41,1,0
BRDA:554,42,0,0
BRDA:560,43,0,0
BRDA:560,43,1,0
BRDA:561,44,0,0
BRDA:561,44,1,0
BRDA:562,45,0,0
BRDA:562,45,1,0
BRDA:583,46,0,0
BRDA:583,46,1,0
BRDA:584,47,0,0
BRDA:584,47,1,0
BRDA:584,48,0,0
BRDA:584,48,1,0
BRF:104
BRH:0
end_of_record
TN:
SF:src/commands/clan/clans.js
FN:13,(anonymous_0)
FN:17,(anonymous_1)
FN:21,(anonymous_2)
FN:33,(anonymous_3)
FN:37,(anonymous_4)
FN:41,(anonymous_5)
FN:45,(anonymous_6)
FN:49,(anonymous_7)
FN:53,(anonymous_8)
FN:57,(anonymous_9)
FN:63,(anonymous_10)
FN:92,addClan
FN:180,listClans
FN:197,(anonymous_13)
FN:208,(anonymous_14)
FN:224,setPrimaryClan
FN:257,removeClan
FNF:17
FNH:0
FNDA:0,(anonymous_0)
FNDA:0,(anonymous_1)
FNDA:0,(anonymous_2)
FNDA:0,(anonymous_3)
FNDA:0,(anonymous_4)
FNDA:0,(anonymous_5)
FNDA:0,(anonymous_6)
FNDA:0,(anonymous_7)
FNDA:0,(anonymous_8)
FNDA:0,(anonymous_9)
FNDA:0,(anonymous_10)
FNDA:0,addClan
FNDA:0,listClans
FNDA:0,(anonymous_13)
FNDA:0,(anonymous_14)
FNDA:0,setPrimaryClan
FNDA:0,removeClan
DA:2,0
DA:3,0
DA:4,0
DA:5,0
DA:6,0
DA:7,0
DA:9,0
DA:14,0
DA:18,0
DA:22,0
DA:34,0
DA:38,0
DA:42,0
DA:46,0
DA:50,0
DA:54,0
DA:58,0
DA:64,0
DA:66,0
DA:67,0
DA:69,0
DA:71,0
DA:72,0
DA:74,0
DA:75,0
DA:77,0
DA:78,0
DA:80,0
DA:81,0
DA:83,0
DA:86,0
DA:87,0
DA:94,0
DA:95,0
DA:96,0
DA:97,0
DA:99,0
DA:102,0
DA:103,0
DA:104,0
DA:107,0
DA:112,0
DA:113,0
DA:117,0
DA:118,0
DA:121,0
DA:137,0
DA:140,0
DA:150,0
DA:161,0
DA:162,0
DA:165,0
DA:167,0
DA:173,0
DA:174,0
DA:176,0
DA:182,0
DA:185,0
DA:186,0
DA:190,0
DA:196,0
DA:197,0
DA:198,0
DA:199,0
DA:201,0
DA:205,0
DA:206,0
DA:208,0
DA:209,0
DA:211,0
DA:212,0
DA:215,0
DA:218,0
DA:221,0
DA:226,0
DA:227,0
DA:228,0
DA:229,0
DA:231,0
DA:234,0
DA:239,0
DA:240,0
DA:244,0
DA:245,0
DA:247,0
DA:254,0
DA:259,0
DA:260,0
DA:261,0
DA:262,0
DA:264,0
DA:267,0
DA:272,0
DA:273,0
DA:277,0
DA:278,0
DA:281,0
DA:283,0
DA:292,0
DA:293,0
DA:294,0
DA:295,0
DA:296,0
DA:297,0
DA:299,0
DA:303,0
LF:106
LH:0
BRDA:69,0,0,0
BRDA:69,0,1,0
BRDA:69,0,2,0
BRDA:69,0,3,0
BRDA:69,0,4,0
BRDA:96,1,0,0
BRDA:96,1,1,0
BRDA:103,2,0,0
BRDA:103,2,1,0
BRDA:104,3,0,0
BRDA:104,3,1,0
BRDA:112,4,0,0
BRDA:112,4,1,0
BRDA:128,5,0,0
BRDA:128,5,1,0
BRDA:154,6,0,0
BRDA:154,6,1,0
BRDA:157,7,0,0
BRDA:157,7,1,0
BRDA:161,8,0,0
BRDA:161,8,1,0
BRDA:173,9,0,0
BRDA:173,9,1,0
BRDA:185,10,0,0
BRDA:185,10,1,0
BRDA:198,11,0,0
BRDA:198,11,1,0
BRDA:209,12,0,0
BRDA:209,12,1,0
BRDA:211,13,0,0
BRDA:211,13,1,0
BRDA:228,14,0,0
BRDA:228,14,1,0
BRDA:239,15,0,0
BRDA:239,15,1,0
BRDA:261,16,0,0
BRDA:261,16,1,0
BRDA:272,17,0,0
BRDA:272,17,1,0
BRDA:292,18,0,0
BRDA:292,18,1,0
BRDA:294,19,0,0
BRDA:294,19,1,0
BRF:43
BRH:0
end_of_record
TN:
SF:src/commands/events/event.js
FN:80,startReminderSystem
FN:87,(anonymous_1)
FN:98,checkUpcomingEvents
FN:124,sendEventReminder
FN:137,(anonymous_4)
FN:183,(anonymous_5)
FN:187,(anonymous_6)
FN:191,(anonymous_7)
FN:195,(anonymous_8)
FN:199,(anonymous_9)
FN:211,(anonymous_10)
FN:215,(anonymous_11)
FN:219,(anonymous_12)
FN:223,(anonymous_13)
FN:227,(anonymous_14)
FN:231,(anonymous_15)
FN:235,(anonymous_16)
FN:239,(anonymous_17)
FN:243,(anonymous_18)
FN:252,(anonymous_19)
FN:256,(anonymous_20)
FN:260,(anonymous_21)
FN:264,(anonymous_22)
FN:268,(anonymous_23)
FN:272,(anonymous_24)
FN:276,(anonymous_25)
FN:280,(anonymous_26)
FN:284,(anonymous_27)
FN:288,(anonymous_28)
FN:292,(anonymous_29)
FN:312,(anonymous_30)
FN:351,createEvent
FN:459,(anonymous_32)
FN:502,listEvents
FN:543,(anonymous_34)
FN:559,getEventInfo
FN:578,(anonymous_36)
FN:638,joinEvent
FN:662,(anonymous_38)
FN:676,(anonymous_39)
FN:719,(anonymous_40)
FN:729,leaveEvent
FN:751,(anonymous_42)
FN:786,(anonymous_43)
FN:796,cancelEvent
FN:884,editEvent
FN:1011,(anonymous_46)
FN:1021,createEventEmbed
FN:1026,(anonymous_48)
FN:1027,(anonymous_49)
FN:1028,(anonymous_50)
FN:1051,(anonymous_51)
FN:1061,(anonymous_52)
FN:1071,(anonymous_53)
FN:1094,generateEventId
FN:1109,formatEventType
FNF:56
FNH:0
FNDA:0,startReminderSystem
FNDA:0,(anonymous_1)
FNDA:0,checkUpcomingEvents
FNDA:0,sendEventReminder
FNDA:0,(anonymous_4)
FNDA:0,(anonymous_5)
FNDA:0,(anonymous_6)
FNDA:0,(anonymous_7)
FNDA:0,(anonymous_8)
FNDA:0,(anonymous_9)
FNDA:0,(anonymous_10)
FNDA:0,(anonymous_11)
FNDA:0,(anonymous_12)
FNDA:0,(anonymous_13)
FNDA:0,(anonymous_14)
FNDA:0,(anonymous_15)
FNDA:0,(anonymous_16)
FNDA:0,(anonymous_17)
FNDA:0,(anonymous_18)
FNDA:0,(anonymous_19)
FNDA:0,(anonymous_20)
FNDA:0,(anonymous_21)
FNDA:0,(anonymous_22)
FNDA:0,(anonymous_23)
FNDA:0,(anonymous_24)
FNDA:0,(anonymous_25)
FNDA:0,(anonymous_26)
FNDA:0,(anonymous_27)
FNDA:0,(anonymous_28)
FNDA:0,(anonymous_29)
FNDA:0,(anonymous_30)
FNDA:0,createEvent
FNDA:0,(anonymous_32)
FNDA:0,listEvents
FNDA:0,(anonymous_34)
FNDA:0,getEventInfo
FNDA:0,(anonymous_36)
FNDA:0,joinEvent
FNDA:0,(anonymous_38)
FNDA:0,(anonymous_39)
FNDA:0,(anonymous_40)
FNDA:0,leaveEvent
FNDA:0,(anonymous_42)
FNDA:0,(anonymous_43)
FNDA:0,cancelEvent
FNDA:0,editEvent
FNDA:0,(anonymous_46)
FNDA:0,createEventEmbed
FNDA:0,(anonymous_48)
FNDA:0,(anonymous_49)
FNDA:0,(anonymous_50)
FNDA:0,(anonymous_51)
FNDA:0,(anonymous_52)
FNDA:0,(anonymous_53)
FNDA:0,generateEventId
FNDA:0,formatEventType
DA:2,0
DA:3,0
DA:4,0
DA:5,0
DA:6,0
DA:9,0
DA:72,0
DA:73,0
DA:75,0
DA:78,0
DA:82,0
DA:83,0
DA:87,0
DA:88,0
DA:89,0
DA:91,0
DA:95,0
DA:99,0
DA:102,0
DA:109,0
DA:110,0
DA:111,0
DA:114,0
DA:115,0
DA:118,0
DA:119,0
DA:125,0
DA:127,0
DA:130,0
DA:131,0
DA:132,0
DA:133,0
DA:137,0
DA:138,0
DA:141,0
DA:152,0
DA:154,0
DA:155,0
DA:156,0
DA:161,0
DA:167,0
DA:168,0
DA:170,0
DA:172,0
DA:177,0
DA:179,0
DA:184,0
DA:188,0
DA:192,0
DA:196,0
DA:200,0
DA:212,0
DA:216,0
DA:220,0
DA:224,0
DA:228,0
DA:232,0
DA:236,0
DA:240,0
DA:244,0
DA:253,0
DA:257,0
DA:261,0
DA:265,0
DA:269,0
DA:273,0
DA:277,0
DA:281,0
DA:285,0
DA:289,0
DA:293,0
DA:313,0
DA:314,0
DA:316,0
DA:318,0
DA:319,0
DA:321,0
DA:322,0
DA:324,0
DA:325,0
DA:327,0
DA:328,0
DA:330,0
DA:331,0
DA:333,0
DA:334,0
DA:336,0
DA:337,0
DA:339,0
DA:342,0
DA:343,0
DA:352,0
DA:354,0
DA:355,0
DA:356,0
DA:357,0
DA:358,0
DA:359,0
DA:360,0
DA:363,0
DA:364,0
DA:366,0
DA:367,0
DA:371,0
DA:372,0
DA:375,0
DA:376,0
DA:377,0
DA:381,0
DA:384,0
DA:385,0
DA:386,0
DA:387,0
DA:391,0
DA:413,0
DA:416,0
DA:419,0
DA:443,0
DA:450,0
DA:451,0
DA:454,0
DA:455,0
DA:457,0
DA:458,0
DA:459,0
DA:460,0
DA:462,0
DA:463,0
DA:466,0
DA:478,0
DA:480,0
DA:481,0
DA:482,0
DA:487,0
DA:493,0
DA:503,0
DA:505,0
DA:508,0
DA:513,0
DA:514,0
DA:518,0
DA:525,0
DA:527,0
DA:528,0
DA:530,0
DA:531,0
DA:534,0
DA:538,0
DA:539,0
DA:541,0
DA:542,0
DA:543,0
DA:544,0
DA:546,0
DA:547,0
DA:550,0
DA:553,0
DA:560,0
DA:562,0
DA:565,0
DA:570,0
DA:571,0
DA:575,0
DA:578,0
DA:579,0
DA:580,0
DA:581,0
DA:583,0
DA:585,0
DA:586,0
DA:587,0
DA:595,0
DA:604,0
DA:612,0
DA:613,0
DA:628,0
DA:629,0
DA:631,0
DA:639,0
DA:641,0
DA:642,0
DA:645,0
DA:650,0
DA:651,0
DA:655,0
DA:656,0
DA:657,0
DA:661,0
DA:662,0
DA:663,0
DA:664,0
DA:669,0
DA:670,0
DA:671,0
DA:672,0
DA:676,0
DA:678,0
DA:680,0
DA:683,0
DA:691,0
DA:692,0
DA:695,0
DA:696,0
DA:697,0
DA:698,0
DA:700,0
DA:705,0
DA:711,0
DA:713,0
DA:719,0
DA:723,0
DA:730,0
DA:732,0
DA:735,0
DA:740,0
DA:741,0
DA:745,0
DA:746,0
DA:747,0
DA:751,0
DA:753,0
DA:754,0
DA:758,0
DA:760,0
DA:761,0
DA:764,0
DA:765,0
DA:766,0
DA:767,0
DA:769,0
DA:774,0
DA:780,0
DA:786,0
DA:790,0
DA:797,0
DA:799,0
DA:802,0
DA:807,0
DA:808,0
DA:812,0
DA:813,0
DA:817,0
DA:818,0
DA:819,0
DA:822,0
DA:825,0
DA:826,0
DA:827,0
DA:828,0
DA:831,0
DA:840,0
DA:845,0
DA:851,0
DA:853,0
DA:854,0
DA:855,0
DA:859,0
DA:860,0
DA:865,0
DA:872,0
DA:878,0
DA:885,0
DA:887,0
DA:888,0
DA:889,0
DA:890,0
DA:891,0
DA:892,0
DA:895,0
DA:900,0
DA:901,0
DA:905,0
DA:906,0
DA:910,0
DA:911,0
DA:912,0
DA:915,0
DA:916,0
DA:919,0
DA:921,0
DA:922,0
DA:924,0
DA:925,0
DA:927,0
DA:928,0
DA:932,0
DA:933,0
DA:937,0
DA:938,0
DA:939,0
DA:940,0
DA:942,0
DA:943,0
DA:947,0
DA:948,0
DA:949,0
DA:950,0
DA:951,0
DA:952,0
DA:953,0
DA:956,0
DA:957,0
DA:960,0
DA:961,0
DA:962,0
DA:963,0
DA:965,0
DA:970,0
DA:976,0
DA:978,0
DA:979,0
DA:980,0
DA:984,0
DA:985,0
DA:986,0
DA:987,0
DA:988,0
DA:989,0
DA:991,0
DA:998,0
DA:1005,0
DA:1011,0
DA:1015,0
DA:1022,0
DA:1023,0
DA:1026,0
DA:1027,0
DA:1028,0
DA:1031,0
DA:1032,0
DA:1034,0
DA:1049,0
DA:1051,0
DA:1052,0
DA:1053,0
DA:1054,0
DA:1055,0
DA:1057,0
DA:1061,0
DA:1062,0
DA:1063,0
DA:1064,0
DA:1065,0
DA:1067,0
DA:1071,0
DA:1072,0
DA:1073,0
DA:1074,0
DA:1075,0
DA:1077,0
DA:1081,0
DA:1088,0
DA:1096,0
DA:1097,0
DA:1099,0
DA:1100,0
DA:1103,0
DA:1110,0
DA:1119,0
DA:1125,0
LF:360
LH:0
BRDA:82,0,0,0
BRDA:82,0,1,0
BRDA:114,1,0,0
BRDA:114,1,1,0
BRDA:114,2,0,0
BRDA:114,2,1,0
BRDA:118,3,0,0
BRDA:118,3,1,0
BRDA:118,4,0,0
BRDA:118,4,1,0
BRDA:127,5,0,0
BRDA:127,5,1,0
BRDA:131,6,0,0
BRDA:131,6,1,0
BRDA:138,7,0,0
BRDA:138,7,1,0
BRDA:144,8,0,0
BRDA:144,8,1,0
BRDA:147,9,0,0
BRDA:147,9,1,0
BRDA:155,10,0,0
BRDA:155,10,1,0
BRDA:155,11,0,0
BRDA:155,11,1,0
BRDA:316,12,0,0
BRDA:316,12,1,0
BRDA:316,12,2,0
BRDA:316,12,3,0
BRDA:316,12,4,0
BRDA:316,12,5,0
BRDA:316,12,6,0
BRDA:316,12,7,0
BRDA:358,13,0,0
BRDA:358,13,1,0
BRDA:359,14,0,0
BRDA:359,14,1,0
BRDA:360,15,0,0
BRDA:360,15,1,0
BRDA:366,16,0,0
BRDA:366,16,1,0
BRDA:376,17,0,0
BRDA:376,17,1,0
BRDA:386,18,0,0
BRDA:386,18,1,0
BRDA:386,19,0,0
BRDA:386,19,1,0
BRDA:458,20,0,0
BRDA:458,20,1,0
BRDA:463,21,0,0
BRDA:463,21,1,0
BRDA:473,22,0,0
BRDA:473,22,1,0
BRDA:481,23,0,0
BRDA:481,23,1,0
BRDA:481,24,0,0
BRDA:481,24,1,0
BRDA:513,25,0,0
BRDA:513,25,1,0
BRDA:530,26,0,0
BRDA:530,26,1,0
BRDA:544,27,0,0
BRDA:544,27,1,0
BRDA:570,28,0,0
BRDA:570,28,1,0
BRDA:578,29,0,0
BRDA:578,29,1,0
BRDA:585,30,0,0
BRDA:585,30,1,0
BRDA:586,31,0,0
BRDA:586,31,1,0
BRDA:612,32,0,0
BRDA:612,32,1,0
BRDA:628,33,0,0
BRDA:628,33,1,0
BRDA:642,34,0,0
BRDA:642,34,1,0
BRDA:650,35,0,0
BRDA:650,35,1,0
BRDA:656,36,0,0
BRDA:656,36,1,0
BRDA:661,37,0,0
BRDA:661,37,1,0
BRDA:661,38,0,0
BRDA:661,38,1,0
BRDA:663,39,0,0
BRDA:663,39,1,0
BRDA:671,40,0,0
BRDA:671,40,1,0
BRDA:671,41,0,0
BRDA:671,41,1,0
BRDA:678,42,0,0
BRDA:678,42,1,0
BRDA:695,43,0,0
BRDA:695,43,1,0
BRDA:695,44,0,0
BRDA:695,44,1,0
BRDA:711,45,0,0
BRDA:711,45,1,0
BRDA:711,46,0,0
BRDA:711,46,1,0
BRDA:714,47,0,0
BRDA:714,47,1,0
BRDA:714,48,0,0
BRDA:714,48,1,0
BRDA:719,49,0,0
BRDA:719,49,1,0
BRDA:740,50,0,0
BRDA:740,50,1,0
BRDA:746,51,0,0
BRDA:746,51,1,0
BRDA:753,52,0,0
BRDA:753,52,1,0
BRDA:764,53,0,0
BRDA:764,53,1,0
BRDA:764,54,0,0
BRDA:764,54,1,0
BRDA:786,55,0,0
BRDA:786,55,1,0
BRDA:807,56,0,0
BRDA:807,56,1,0
BRDA:812,57,0,0
BRDA:812,57,1,0
BRDA:812,58,0,0
BRDA:812,58,1,0
BRDA:825,59,0,0
BRDA:825,59,1,0
BRDA:825,60,0,0
BRDA:825,60,1,0
BRDA:854,61,0,0
BRDA:854,61,1,0
BRDA:854,62,0,0
BRDA:854,62,1,0
BRDA:859,63,0,0
BRDA:859,63,1,0
BRDA:900,64,0,0
BRDA:900,64,1,0
BRDA:905,65,0,0
BRDA:905,65,1,0
BRDA:905,66,0,0
BRDA:905,66,1,0
BRDA:911,67,0,0
BRDA:911,67,1,0
BRDA:919,68,0,0
BRDA:919,68,1,0
BRDA:919,69,0,0
BRDA:919,69,1,0
BRDA:921,70,0,0
BRDA:921,70,1,0
BRDA:922,71,0,0
BRDA:922,71,1,0
BRDA:927,72,0,0
BRDA:927,72,1,0
BRDA:932,73,0,0
BRDA:932,73,1,0
BRDA:937,74,0,0
BRDA:937,74,1,0
BRDA:940,75,0,0
BRDA:940,75,1,0
BRDA:947,76,0,0
BRDA:947,76,1,0
BRDA:948,77,0,0
BRDA:948,77,1,0
BRDA:949,78,0,0
BRDA:949,78,1,0
BRDA:949,79,0,0
BRDA:949,79,1,0
BRDA:952,80,0,0
BRDA:952,80,1,0
BRDA:960,81,0,0
BRDA:960,81,1,0
BRDA:960,82,0,0
BRDA:960,82,1,0
BRDA:979,83,0,0
BRDA:979,83,1,0
BRDA:979,84,0,0
BRDA:979,84,1,0
BRDA:984,85,0,0
BRDA:984,85,1,0
BRDA:986,86,0,0
BRDA:986,86,1,0
BRDA:987,87,0,0
BRDA:987,87,1,0
BRDA:987,88,0,0
BRDA:987,88,1,0
BRDA:988,89,0,0
BRDA:988,89,1,0
BRDA:989,90,0,0
BRDA:989,90,1,0
BRDA:1011,91,0,0
BRDA:1011,91,1,0
BRDA:1021,92,0,0
BRDA:1035,93,0,0
BRDA:1035,93,1,0
BRDA:1035,94,0,0
BRDA:1035,94,1,0
BRDA:1042,95,0,0
BRDA:1042,95,1,0
BRDA:1043,96,0,0
BRDA:1043,96,1,0
BRDA:1049,97,0,0
BRDA:1049,97,1,0
BRDA:1052,98,0,0
BRDA:1052,98,1,0
BRDA:1055,99,0,0
BRDA:1055,99,1,0
BRDA:1062,100,0,0
BRDA:1062,100,1,0
BRDA:1072,101,0,0
BRDA:1072,101,1,0
BRDA:1119,102,0,0
BRDA:1119,102,1,0
BRF:211
BRH:0
end_of_record
TN:
SF:src/commands/info/clan.js
FN:5,(anonymous_0)
FN:8,(anonymous_1)
FN:8,(anonymous_2)
FN:16,(anonymous_3)
FN:20,(anonymous_4)
FN:27,(anonymous_5)
FN:80,(anonymous_6)
FN:134,sendClanEmbed
FN:183,capitalize
FN:187,(anonymous_9)
FNF:10
FNH:0
FNDA:0,(anonymous_0)
FNDA:0,(anonymous_1)
FNDA:0,(anonymous_2)
FNDA:0,(anonymous_3)
FNDA:0,(anonymous_4)
FNDA:0,(anonymous_5)
FNDA:0,(anonymous_6)
FNDA:0,sendClanEmbed
FNDA:0,capitalize
FNDA:0,(anonymous_9)
DA:1,0
DA:2,0
DA:3,0
DA:5,0
DA:6,0
DA:8,0
DA:12,0
DA:17,0
DA:21,0
DA:28,0
DA:30,0
DA:32,0
DA:34,0
DA:35,0
DA:38,0
DA:39,0
DA:41,0
DA:42,0
DA:46,0
DA:47,0
DA:51,0
DA:52,0
DA:53,0
DA:54,0
DA:58,0
DA:59,0
DA:61,0
DA:62,0
DA:66,0
DA:67,0
DA:68,0
DA:72,0
DA:80,0
DA:81,0
DA:87,0
DA:90,0
DA:93,0
DA:95,0
DA:97,0
DA:98,0
DA:99,0
DA:100,0
DA:101,0
DA:102,0
DA:103,0
DA:104,0
DA:106,0
DA:108,0
DA:110,0
DA:111,0
DA:112,0
DA:113,0
DA:114,0
DA:118,0
DA:119,0
DA:120,0
DA:121,0
DA:124,0
DA:136,0
DA:139,0
DA:159,0
DA:165,0
DA:168,0
DA:169,0
DA:175,0
DA:184,0
DA:185,0
DA:187,0
LF:68
LH:0
BRDA:5,0,0,0
BRDA:30,1,0,0
BRDA:30,1,1,0
BRDA:30,1,2,0
BRDA:38,2,0,0
BRDA:38,2,1,0
BRDA:38,3,0,0
BRDA:38,3,1,0
BRDA:41,4,0,0
BRDA:41,4,1,0
BRDA:51,5,0,0
BRDA:51,5,1,0
BRDA:52,6,0,0
BRDA:52,6,1,0
BRDA:58,7,0,0
BRDA:58,7,1,0
BRDA:61,8,0,0
BRDA:61,8,1,0
BRDA:61,9,0,0
BRDA:61,9,1,0
BRDA:66,10,0,0
BRDA:66,10,1,0
BRDA:83,11,0,0
BRDA:83,11,1,0
BRDA:95,12,0,0
BRDA:95,12,1,0
BRDA:97,13,0,0
BRDA:97,13,1,0
BRDA:99,14,0,0
BRDA:99,14,1,0
BRDA:101,15,0,0
BRDA:101,15,1,0
BRDA:103,16,0,0
BRDA:103,16,1,0
BRDA:108,17,0,0
BRDA:108,17,1,0
BRDA:111,18,0,0
BRDA:111,18,1,0
BRDA:111,19,0,0
BRDA:111,19,1,0
BRDA:113,20,0,0
BRDA:113,20,1,0
BRDA:113,21,0,0
BRDA:113,21,1,0
BRDA:119,22,0,0
BRDA:119,22,1,0
BRDA:142,23,0,0
BRDA:142,23,1,0
BRDA:148,24,0,0
BRDA:148,24,1,0
BRDA:149,25,0,0
BRDA:149,25,1,0
BRDA:150,26,0,0
BRDA:150,26,1,0
BRDA:153,27,0,0
BRDA:153,27,1,0
BRDA:160,28,0,0
BRDA:160,28,1,0
BRDA:162,29,0,0
BRDA:162,29,1,0
BRDA:162,30,0,0
BRDA:162,30,1,0
BRDA:168,31,0,0
BRDA:168,31,1,0
BRDA:168,32,0,0
BRDA:168,32,1,0
BRDA:171,33,0,0
BRDA:171,33,1,0
BRDA:171,34,0,0
BRDA:171,34,1,0
BRDA:184,35,0,0
BRDA:184,35,1,0
BRF:72
BRH:0
end_of_record
TN:
SF:src/commands/info/player.js
FN:5,(anonymous_0)
FN:8,(anonymous_1)
FN:8,(anonymous_2)
FN:16,(anonymous_3)
FN:20,(anonymous_4)
FN:27,(anonymous_5)
FN:97,(anonymous_6)
FNF:7
FNH:0
FNDA:0,(anonymous_0)
FNDA:0,(anonymous_1)
FNDA:0,(anonymous_2)
FNDA:0,(anonymous_3)
FNDA:0,(anonymous_4)
FNDA:0,(anonymous_5)
FNDA:0,(anonymous_6)
DA:1,0
DA:2,0
DA:3,0
DA:5,0
DA:6,0
DA:8,0
DA:12,0
DA:17,0
DA:21,0
DA:28,0
DA:30,0
DA:34,0
DA:35,0
DA:37,0
DA:39,0
DA:40,0
DA:43,0
DA:46,0
DA:49,0
DA:50,0
DA:52,0
DA:53,0
DA:56,0
DA:60,0
DA:63,0
DA:66,0
DA:69,0
DA:85,0
DA:86,0
DA:91,0
DA:95,0
DA:96,0
DA:97,0
DA:100,0
DA:103,0
DA:105,0
DA:107,0
DA:108,0
DA:111,0
LF:39
LH:0
BRDA:5,0,0,0
BRDA:35,1,0,0
BRDA:35,1,1,0
BRDA:39,2,0,0
BRDA:39,2,1,0
BRDA:39,3,0,0
BRDA:39,3,1,0
BRDA:49,4,0,0
BRDA:49,4,1,0
BRDA:52,5,0,0
BRDA:52,5,1,0
BRDA:52,6,0,0
BRDA:52,6,1,0
BRDA:85,7,0,0
BRDA:85,7,1,0
BRDA:88,8,0,0
BRDA:88,8,1,0
BRDA:95,9,0,0
BRDA:95,9,1,0
BRDA:95,10,0,0
BRDA:95,10,1,0
BRDA:107,11,0,0
BRDA:107,11,1,0
BRF:23
BRH:0
end_of_record
TN:
SF:src/commands/info/war.js
FN:10,(anonymous_0)
FN:20,(anonymous_1)
FN:22,(anonymous_2)
FN:79,getClanTag
FN:89,(anonymous_4)
FN:89,(anonymous_5)
FN:124,generateWarEmbed
FN:263,handleAccessDeniedError
FNF:8
FNH:0
FNDA:0,(anonymous_0)
FNDA:0,(anonymous_1)
FNDA:0,(anonymous_2)
FNDA:0,getClanTag
FNDA:0,(anonymous_4)
FNDA:0,(anonymous_5)
FNDA:0,generateWarEmbed
FNDA:0,handleAccessDeniedError
DA:1,0
DA:2,0
DA:3,0
DA:4,0
DA:6,0
DA:11,0
DA:22,0
DA:24,0
DA:26,0
DA:27,0
DA:30,0
DA:33,0
DA:34,0
DA:47,0
DA:48,0
DA:51,0
DA:55,0
DA:56,0
DA:59,0
DA:62,0
DA:63,0
DA:64,0
DA:65,0
DA:66,0
DA:67,0
DA:71,0
DA:81,0
DA:84,0
DA:85,0
DA:87,0
DA:89,0
DA:90,0
DA:93,0
DA:94,0
DA:95,0
DA:98,0
DA:101,0
DA:102,0
DA:105,0
DA:106,0
DA:107,0
DA:112,0
DA:113,0
DA:114,0
DA:115,0
DA:118,0
DA:126,0
DA:127,0
DA:130,0
DA:134,0
DA:136,0
DA:137,0
DA:138,0
DA:140,0
DA:141,0
DA:142,0
DA:144,0
DA:145,0
DA:146,0
DA:148,0
DA:149,0
DA:153,0
DA:156,0
DA:157,0
DA:158,0
DA:162,0
DA:163,0
DA:164,0
DA:169,0
DA:170,0
DA:171,0
DA:174,0
DA:175,0
DA:176,0
DA:177,0
DA:178,0
DA:179,0
DA:180,0
DA:181,0
DA:183,0
DA:184,0
DA:185,0
DA:186,0
DA:187,0
DA:188,0
DA:189,0
DA:194,0
DA:214,0
DA:215,0
DA:219,0
DA:226,0
DA:227,0
DA:235,0
DA:236,0
DA:237,0
DA:238,0
DA:239,0
DA:242,0
DA:243,0
DA:244,0
DA:245,0
DA:246,0
DA:247,0
DA:248,0
DA:249,0
DA:251,0
DA:254,0
DA:257,0
DA:265,0
DA:267,0
DA:268,0
DA:289,0
LF:112
LH:0
BRDA:27,0,0,0
BRDA:27,0,1,0
BRDA:33,1,0,0
BRDA:33,1,1,0
BRDA:33,2,0,0
BRDA:33,2,1,0
BRDA:62,3,0,0
BRDA:62,3,1,0
BRDA:64,4,0,0
BRDA:64,4,1,0
BRDA:66,5,0,0
BRDA:66,5,1,0
BRDA:84,6,0,0
BRDA:84,6,1,0
BRDA:93,7,0,0
BRDA:93,7,1,0
BRDA:101,8,0,0
BRDA:101,8,1,0
BRDA:113,9,0,0
BRDA:113,9,1,0
BRDA:126,10,0,0
BRDA:126,10,1,0
BRDA:127,11,0,0
BRDA:127,11,1,0
BRDA:130,12,0,0
BRDA:130,12,1,0
BRDA:130,12,2,0
BRDA:134,13,0,0
BRDA:134,13,1,0
BRDA:134,13,2,0
BRDA:134,13,3,0
BRDA:148,14,0,0
BRDA:148,14,1,0
BRDA:156,15,0,0
BRDA:156,15,1,0
BRDA:158,16,0,0
BRDA:158,16,1,0
BRDA:162,17,0,0
BRDA:162,17,1,0
BRDA:164,18,0,0
BRDA:164,18,1,0
BRDA:175,19,0,0
BRDA:175,19,1,0
BRDA:175,20,0,0
BRDA:175,20,1,0
BRDA:177,21,0,0
BRDA:177,21,1,0
BRDA:183,22,0,0
BRDA:183,22,1,0
BRDA:183,23,0,0
BRDA:183,23,1,0
BRDA:185,24,0,0
BRDA:185,24,1,0
BRDA:195,25,0,0
BRDA:195,25,1,0
BRDA:195,26,0,0
BRDA:195,26,1,0
BRDA:197,27,0,0
BRDA:197,27,1,0
BRDA:200,28,0,0
BRDA:200,28,1,0
BRDA:201,29,0,0
BRDA:201,29,1,0
BRDA:201,30,0,0
BRDA:201,30,1,0
BRDA:205,31,0,0
BRDA:205,31,1,0
BRDA:206,32,0,0
BRDA:206,32,1,0
BRDA:206,33,0,0
BRDA:206,33,1,0
BRDA:214,34,0,0
BRDA:214,34,1,0
BRDA:226,35,0,0
BRDA:226,35,1,0
BRDA:229,36,0,0
BRDA:229,36,1,0
BRDA:229,37,0,0
BRDA:229,37,1,0
BRDA:235,38,0,0
BRDA:235,38,1,0
BRDA:236,39,0,0
BRDA:236,39,1,0
BRDA:237,40,0,0
BRDA:237,40,1,0
BRDA:238,41,0,0
BRDA:238,41,1,0
BRDA:239,42,0,0
BRDA:239,42,1,0
BRDA:242,43,0,0
BRDA:242,43,1,0
BRDA:243,44,0,0
BRDA:243,44,1,0
BRDA:244,45,0,0
BRDA:244,45,1,0
BRDA:245,46,0,0
BRDA:245,46,1,0
BRDA:246,47,0,0
BRDA:246,47,1,0
BRDA:247,48,0,0
BRDA:247,48,1,0
BRDA:248,49,0,0
BRDA:248,49,1,0
BRDA:249,50,0,0
BRDA:249,50,1,0
BRDA:265,51,0,0
BRDA:265,51,1,0
BRDA:265,51,2,0
BRDA:267,52,0,0
BRDA:267,52,1,0
BRDA:267,53,0,0
BRDA:267,53,1,0
BRF:112
BRH:0
end_of_record
TN:
SF:src/commands/recruitment/recruit.js
FN:107,(anonymous_0)
FN:111,(anonymous_1)
FN:115,(anonymous_2)
FN:119,(anonymous_3)
FN:123,(anonymous_4)
FN:129,(anonymous_5)
FN:133,(anonymous_6)
FN:137,(anonymous_7)
FN:141,(anonymous_8)
FN:145,(anonymous_9)
FN:149,(anonymous_10)
FN:153,(anonymous_11)
FN:157,(anonymous_12)
FN:161,(anonymous_13)
FN:165,(anonymous_14)
FN:169,(anonymous_15)
FN:173,(anonymous_16)
FN:177,(anonymous_17)
FN:181,(anonymous_18)
FN:185,(anonymous_19)
FN:189,(anonymous_20)
FN:193,(anonymous_21)
FN:214,(anonymous_22)
FN:276,setupRecruitment
FN:371,setWelcomeMessage
FN:431,setRequirements
FN:478,applyToClan
FN:558,handleApplicationSubmit
FN:675,sendApplicationToReviewChannel
FN:768,reviewApplications
FN:818,handleApplication
FN:916,showRecruitmentStats
FN:995,getHeroLevel
FN:998,(anonymous_33)
FN:1005,getHeroLevelsText
FN:1008,(anonymous_35)
FN:1014,getUsername
FN:1026,formatStatus
FN:1040,handleRecruitmentButton
FN:1081,(anonymous_39)
FN:1082,(anonymous_40)
FNF:41
FNH:0
FNDA:0,(anonymous_0)
FNDA:0,(anonymous_1)
FNDA:0,(anonymous_2)
FNDA:0,(anonymous_3)
FNDA:0,(anonymous_4)
FNDA:0,(anonymous_5)
FNDA:0,(anonymous_6)
FNDA:0,(anonymous_7)
FNDA:0,(anonymous_8)
FNDA:0,(anonymous_9)
FNDA:0,(anonymous_10)
FNDA:0,(anonymous_11)
FNDA:0,(anonymous_12)
FNDA:0,(anonymous_13)
FNDA:0,(anonymous_14)
FNDA:0,(anonymous_15)
FNDA:0,(anonymous_16)
FNDA:0,(anonymous_17)
FNDA:0,(anonymous_18)
FNDA:0,(anonymous_19)
FNDA:0,(anonymous_20)
FNDA:0,(anonymous_21)
FNDA:0,(anonymous_22)
FNDA:0,setupRecruitment
FNDA:0,setWelcomeMessage
FNDA:0,setRequirements
FNDA:0,applyToClan
FNDA:0,handleApplicationSubmit
FNDA:0,sendApplicationToReviewChannel
FNDA:0,reviewApplications
FNDA:0,handleApplication
FNDA:0,showRecruitmentStats
FNDA:0,getHeroLevel
FNDA:0,(anonymous_33)
FNDA:0,getHeroLevelsText
FNDA:0,(anonymous_35)
FNDA:0,getUsername
FNDA:0,formatStatus
FNDA:0,handleRecruitmentButton
FNDA:0,(anonymous_39)
FNDA:0,(anonymous_40)
DA:2,0
DA:3,0
DA:4,0
DA:5,0
DA:6,0
DA:7,0
DA:10,0
DA:58,0
DA:59,0
DA:61,0
DA:64,0
DA:101,0
DA:103,0
DA:108,0
DA:112,0
DA:116,0
DA:120,0
DA:124,0
DA:130,0
DA:134,0
DA:138,0
DA:142,0
DA:146,0
DA:150,0
DA:154,0
DA:158,0
DA:162,0
DA:166,0
DA:170,0
DA:174,0
DA:178,0
DA:182,0
DA:186,0
DA:190,0
DA:194,0
DA:215,0
DA:216,0
DA:219,0
DA:220,0
DA:221,0
DA:225,0
DA:226,0
DA:227,0
DA:228,0
DA:235,0
DA:237,0
DA:238,0
DA:240,0
DA:241,0
DA:243,0
DA:244,0
DA:246,0
DA:247,0
DA:249,0
DA:250,0
DA:252,0
DA:253,0
DA:255,0
DA:256,0
DA:258,0
DA:259,0
DA:261,0
DA:262,0
DA:264,0
DA:267,0
DA:268,0
DA:277,0
DA:279,0
DA:280,0
DA:281,0
DA:282,0
DA:283,0
DA:286,0
DA:287,0
DA:290,0
DA:291,0
DA:295,0
DA:297,0
DA:299,0
DA:300,0
DA:301,0
DA:302,0
DA:303,0
DA:304,0
DA:307,0
DA:317,0
DA:320,0
DA:321,0
DA:322,0
DA:324,0
DA:325,0
DA:335,0
DA:344,0
DA:346,0
DA:352,0
DA:365,0
DA:372,0
DA:374,0
DA:377,0
DA:379,0
DA:380,0
DA:384,0
DA:385,0
DA:386,0
DA:389,0
DA:390,0
DA:392,0
DA:402,0
DA:411,0
DA:413,0
DA:418,0
DA:425,0
DA:432,0
DA:434,0
DA:437,0
DA:439,0
DA:440,0
DA:444,0
DA:445,0
DA:446,0
DA:449,0
DA:450,0
DA:452,0
DA:458,0
DA:460,0
DA:465,0
DA:472,0
DA:480,0
DA:482,0
DA:483,0
DA:490,0
DA:496,0
DA:497,0
DA:504,0
DA:509,0
DA:515,0
DA:521,0
DA:527,0
DA:534,0
DA:542,0
DA:543,0
DA:544,0
DA:545,0
DA:546,0
DA:549,0
DA:552,0
DA:559,0
DA:562,0
DA:563,0
DA:564,0
DA:565,0
DA:566,0
DA:569,0
DA:570,0
DA:571,0
DA:573,0
DA:576,0
DA:578,0
DA:579,0
DA:583,0
DA:584,0
DA:588,0
DA:589,0
DA:593,0
DA:594,0
DA:595,0
DA:597,0
DA:602,0
DA:604,0
DA:605,0
DA:609,0
DA:631,0
DA:634,0
DA:646,0
DA:650,0
DA:651,0
DA:653,0
DA:658,0
DA:669,0
DA:677,0
DA:679,0
DA:680,0
DA:684,0
DA:696,0
DA:697,0
DA:707,0
DA:708,0
DA:709,0
DA:714,0
DA:720,0
DA:721,0
DA:722,0
DA:725,0
DA:726,0
DA:729,0
DA:730,0
DA:735,0
DA:756,0
DA:762,0
DA:769,0
DA:772,0
DA:774,0
DA:775,0
DA:779,0
DA:784,0
DA:785,0
DA:789,0
DA:796,0
DA:797,0
DA:798,0
DA:800,0
DA:801,0
DA:804,0
DA:806,0
DA:812,0
DA:819,0
DA:822,0
DA:823,0
DA:824,0
DA:826,0
DA:828,0
DA:831,0
DA:837,0
DA:838,0
DA:842,0
DA:843,0
DA:844,0
DA:845,0
DA:846,0
DA:848,0
DA:851,0
DA:852,0
DA:854,0
DA:855,0
DA:861,0
DA:862,0
DA:863,0
DA:867,0
DA:868,0
DA:869,0
DA:870,0
DA:871,0
DA:878,0
DA:879,0
DA:882,0
DA:885,0
DA:890,0
DA:897,0
DA:898,0
DA:899,0
DA:900,0
DA:901,0
DA:902,0
DA:906,0
DA:907,0
DA:910,0
DA:917,0
DA:920,0
DA:922,0
DA:923,0
DA:927,0
DA:928,0
DA:929,0
DA:930,0
DA:931,0
DA:934,0
DA:936,0
DA:937,0
DA:942,0
DA:948,0
DA:949,0
DA:954,0
DA:955,0
DA:957,0
DA:963,0
DA:980,0
DA:981,0
DA:982,0
DA:985,0
DA:986,0
DA:989,0
DA:996,0
DA:998,0
DA:999,0
DA:1006,0
DA:1008,0
DA:1015,0
DA:1016,0
DA:1017,0
DA:1019,0
DA:1027,0
DA:1028,0
DA:1029,0
DA:1030,0
DA:1031,0
DA:1032,0
DA:1041,0
DA:1043,0
DA:1045,0
DA:1046,0
DA:1049,0
DA:1051,0
DA:1052,0
DA:1056,0
DA:1060,0
DA:1066,0
DA:1068,0
DA:1069,0
DA:1072,0
DA:1074,0
DA:1077,0
DA:1080,0
DA:1081,0
DA:1082,0
DA:1085,0
DA:1092,0
DA:1093,0
DA:1096,0
DA:1100,0
DA:1101,0
LF:320
LH:0
BRDA:220,0,0,0
BRDA:220,0,1,0
BRDA:220,1,0,0
BRDA:220,1,1,0
BRDA:226,2,0,0
BRDA:226,2,1,0
BRDA:227,3,0,0
BRDA:227,3,1,0
BRDA:235,4,0,0
BRDA:235,4,1,0
BRDA:235,4,2,0
BRDA:235,4,3,0
BRDA:235,4,4,0
BRDA:235,4,5,0
BRDA:235,4,6,0
BRDA:235,4,7,0
BRDA:235,4,8,0
BRDA:235,4,9,0
BRDA:282,5,0,0
BRDA:282,5,1,0
BRDA:283,6,0,0
BRDA:283,6,1,0
BRDA:286,7,0,0
BRDA:286,7,1,0
BRDA:290,8,0,0
BRDA:290,8,1,0
BRDA:297,9,0,0
BRDA:297,9,1,0
BRDA:301,10,0,0
BRDA:301,10,1,0
BRDA:311,11,0,0
BRDA:311,11,1,0
BRDA:320,12,0,0
BRDA:320,12,1,0
BRDA:359,13,0,0
BRDA:359,13,1,0
BRDA:361,14,0,0
BRDA:361,14,1,0
BRDA:379,15,0,0
BRDA:379,15,1,0
BRDA:439,16,0,0
BRDA:439,16,1,0
BRDA:482,17,0,0
BRDA:482,17,1,0
BRDA:496,18,0,0
BRDA:496,18,1,0
BRDA:570,19,0,0
BRDA:570,19,1,0
BRDA:578,20,0,0
BRDA:578,20,1,0
BRDA:583,21,0,0
BRDA:583,21,1,0
BRDA:583,22,0,0
BRDA:583,22,1,0
BRDA:583,22,2,0
BRDA:588,23,0,0
BRDA:588,23,1,0
BRDA:602,24,0,0
BRDA:602,24,1,0
BRDA:604,25,0,0
BRDA:604,25,1,0
BRDA:664,26,0,0
BRDA:664,26,1,0
BRDA:675,27,0,0
BRDA:679,28,0,0
BRDA:679,28,1,0
BRDA:696,29,0,0
BRDA:696,29,1,0
BRDA:702,30,0,0
BRDA:702,30,1,0
BRDA:708,31,0,0
BRDA:708,31,1,0
BRDA:720,32,0,0
BRDA:720,32,1,0
BRDA:721,33,0,0
BRDA:721,33,1,0
BRDA:725,34,0,0
BRDA:725,34,1,0
BRDA:729,35,0,0
BRDA:729,35,1,0
BRDA:757,36,0,0
BRDA:757,36,1,0
BRDA:774,37,0,0
BRDA:774,37,1,0
BRDA:784,38,0,0
BRDA:784,38,1,0
BRDA:800,39,0,0
BRDA:800,39,1,0
BRDA:807,40,0,0
BRDA:807,40,1,0
BRDA:823,41,0,0
BRDA:823,41,1,0
BRDA:828,42,0,0
BRDA:828,42,1,0
BRDA:828,42,2,0
BRDA:837,43,0,0
BRDA:837,43,1,0
BRDA:854,44,0,0
BRDA:854,44,1,0
BRDA:861,45,0,0
BRDA:861,45,1,0
BRDA:867,46,0,0
BRDA:867,46,1,0
BRDA:869,47,0,0
BRDA:869,47,1,0
BRDA:878,48,0,0
BRDA:878,48,1,0
BRDA:892,49,0,0
BRDA:892,49,1,0
BRDA:897,50,0,0
BRDA:897,50,1,0
BRDA:899,51,0,0
BRDA:899,51,1,0
BRDA:901,52,0,0
BRDA:901,52,1,0
BRDA:906,53,0,0
BRDA:906,53,1,0
BRDA:922,54,0,0
BRDA:922,54,1,0
BRDA:948,55,0,0
BRDA:948,55,1,0
BRDA:969,56,0,0
BRDA:969,56,1,0
BRDA:985,57,0,0
BRDA:985,57,1,0
BRDA:996,58,0,0
BRDA:996,58,1,0
BRDA:996,59,0,0
BRDA:996,59,1,0
BRDA:999,60,0,0
BRDA:999,60,1,0
BRDA:1006,61,0,0
BRDA:1006,61,1,0
BRDA:1006,62,0,0
BRDA:1006,62,1,0
BRDA:1006,62,2,0
BRDA:1027,63,0,0
BRDA:1027,63,1,0
BRDA:1027,63,2,0
BRDA:1027,63,3,0
BRDA:1027,63,4,0
BRDA:1043,64,0,0
BRDA:1043,64,1,0
BRDA:1049,65,0,0
BRDA:1049,65,1,0
BRDA:1049,66,0,0
BRDA:1049,66,1,0
BRDA:1049,66,2,0
BRDA:1052,67,0,0
BRDA:1052,67,1,0
BRDA:1053,68,0,0
BRDA:1053,68,1,0
BRDA:1072,69,0,0
BRDA:1072,69,1,0
BRDA:1081,70,0,0
BRDA:1081,70,1,0
BRF:156
BRH:0
end_of_record
TN:
SF:src/commands/tracking/stats.js
FN:9,(anonymous_0)
FN:12,(anonymous_1)
FN:12,(anonymous_2)
FN:20,(anonymous_3)
FN:24,(anonymous_4)
FN:28,(anonymous_5)
FN:32,(anonymous_6)
FN:36,(anonymous_7)
FN:40,(anonymous_8)
FN:59,(anonymous_9)
FN:89,updateStats
FN:133,(anonymous_11)
FN:138,(anonymous_12)
FN:139,(anonymous_13)
FN:144,(anonymous_14)
FN:145,(anonymous_15)
FN:150,(anonymous_16)
FN:187,showProgress
FN:238,(anonymous_18)
FN:239,(anonymous_19)
FN:296,compareStats
FN:371,(anonymous_21)
FN:380,(anonymous_22)
FN:394,(anonymous_23)
FNF:24
FNH:0
FNDA:0,(anonymous_0)
FNDA:0,(anonymous_1)
FNDA:0,(anonymous_2)
FNDA:0,(anonymous_3)
FNDA:0,(anonymous_4)
FNDA:0,(anonymous_5)
FNDA:0,(anonymous_6)
FNDA:0,(anonymous_7)
FNDA:0,(anonymous_8)
FNDA:0,(anonymous_9)
FNDA:0,updateStats
FNDA:0,(anonymous_11)
FNDA:0,(anonymous_12)
FNDA:0,(anonymous_13)
FNDA:0,(anonymous_14)
FNDA:0,(anonymous_15)
FNDA:0,(anonymous_16)
FNDA:0,showProgress
FNDA:0,(anonymous_18)
FNDA:0,(anonymous_19)
FNDA:0,compareStats
FNDA:0,(anonymous_21)
FNDA:0,(anonymous_22)
FNDA:0,(anonymous_23)
DA:1,0
DA:2,0
DA:3,0
DA:4,0
DA:5,0
DA:6,0
DA:9,0
DA:10,0
DA:12,0
DA:16,0
DA:21,0
DA:25,0
DA:29,0
DA:33,0
DA:37,0
DA:41,0
DA:60,0
DA:62,0
DA:63,0
DA:65,0
DA:67,0
DA:68,0
DA:70,0
DA:71,0
DA:73,0
DA:74,0
DA:76,0
DA:79,0
DA:80,0
DA:90,0
DA:92,0
DA:94,0
DA:95,0
DA:97,0
DA:98,0
DA:101,0
DA:104,0
DA:105,0
DA:106,0
DA:108,0
DA:112,0
DA:114,0
DA:117,0
DA:133,0
DA:138,0
DA:139,0
DA:144,0
DA:145,0
DA:150,0
DA:158,0
DA:161,0
DA:173,0
DA:175,0
DA:176,0
DA:177,0
DA:179,0
DA:188,0
DA:190,0
DA:192,0
DA:193,0
DA:195,0
DA:196,0
DA:199,0
DA:202,0
DA:203,0
DA:204,0
DA:206,0
DA:210,0
DA:214,0
DA:215,0
DA:219,0
DA:221,0
DA:224,0
DA:225,0
DA:228,0
DA:229,0
DA:230,0
DA:233,0
DA:234,0
DA:236,0
DA:238,0
DA:239,0
DA:240,0
DA:241,0
DA:242,0
DA:244,0
DA:250,0
DA:253,0
DA:266,0
DA:267,0
DA:271,0
DA:272,0
DA:273,0
DA:274,0
DA:276,0
DA:282,0
DA:284,0
DA:285,0
DA:286,0
DA:288,0
DA:297,0
DA:300,0
DA:302,0
DA:303,0
DA:306,0
DA:309,0
DA:312,0
DA:313,0
DA:314,0
DA:316,0
DA:319,0
DA:321,0
DA:327,0
DA:367,0
DA:369,0
DA:370,0
DA:371,0
DA:372,0
DA:373,0
DA:378,0
DA:379,0
DA:380,0
DA:381,0
DA:382,0
DA:388,0
DA:393,0
DA:394,0
DA:395,0
DA:396,0
DA:397,0
DA:398,0
DA:400,0
DA:403,0
DA:404,0
DA:409,0
DA:411,0
DA:412,0
LF:137
LH:0
BRDA:9,0,0,0
BRDA:65,1,0,0
BRDA:65,1,1,0
BRDA:65,1,2,0
BRDA:65,1,3,0
BRDA:94,2,0,0
BRDA:94,2,1,0
BRDA:97,3,0,0
BRDA:97,3,1,0
BRDA:97,4,0,0
BRDA:97,4,1,0
BRDA:105,5,0,0
BRDA:105,5,1,0
BRDA:129,6,0,0
BRDA:129,6,1,0
BRDA:130,7,0,0
BRDA:130,7,1,0
BRDA:131,8,0,0
BRDA:131,8,1,0
BRDA:132,9,0,0
BRDA:132,9,1,0
BRDA:133,10,0,0
BRDA:133,10,1,0
BRDA:138,11,0,0
BRDA:138,11,1,0
BRDA:138,12,0,0
BRDA:138,12,1,0
BRDA:144,13,0,0
BRDA:144,13,1,0
BRDA:150,14,0,0
BRDA:150,14,1,0
BRDA:176,15,0,0
BRDA:176,15,1,0
BRDA:176,16,0,0
BRDA:176,16,1,0
BRDA:192,17,0,0
BRDA:192,17,1,0
BRDA:195,18,0,0
BRDA:195,18,1,0
BRDA:195,19,0,0
BRDA:195,19,1,0
BRDA:203,20,0,0
BRDA:203,20,1,0
BRDA:214,21,0,0
BRDA:214,21,1,0
BRDA:234,22,0,0
BRDA:234,22,1,0
BRDA:234,23,0,0
BRDA:234,23,1,0
BRDA:236,24,0,0
BRDA:236,24,1,0
BRDA:240,25,0,0
BRDA:240,25,1,0
BRDA:242,26,0,0
BRDA:242,26,1,0
BRDA:256,27,0,0
BRDA:256,27,1,0
BRDA:258,28,0,0
BRDA:258,28,1,0
BRDA:259,29,0,0
BRDA:259,29,1,0
BRDA:260,30,0,0
BRDA:260,30,1,0
BRDA:266,31,0,0
BRDA:266,31,1,0
BRDA:271,32,0,0
BRDA:271,32,1,0
BRDA:278,33,0,0
BRDA:278,33,1,0
BRDA:278,34,0,0
BRDA:278,34,1,0
BRDA:285,35,0,0
BRDA:285,35,1,0
BRDA:302,36,0,0
BRDA:302,36,1,0
BRDA:302,37,0,0
BRDA:302,37,1,0
BRDA:313,38,0,0
BRDA:313,38,1,0
BRDA:367,39,0,0
BRDA:367,39,1,0
BRDA:367,40,0,0
BRDA:367,40,1,0
BRDA:370,41,0,0
BRDA:370,41,1,0
BRDA:372,42,0,0
BRDA:372,42,1,0
BRDA:372,43,0,0
BRDA:372,43,1,0
BRDA:379,44,0,0
BRDA:379,44,1,0
BRDA:381,45,0,0
BRDA:381,45,1,0
BRDA:381,46,0,0
BRDA:381,46,1,0
BRDA:393,47,0,0
BRDA:393,47,1,0
BRDA:395,48,0,0
BRDA:395,48,1,0
BRDA:396,49,0,0
BRDA:396,49,1,0
BRDA:398,50,0,0
BRDA:398,50,1,0
BRDA:398,51,0,0
BRDA:398,51,1,0
BRDA:403,52,0,0
BRDA:403,52,1,0
BRF:107
BRH:0
end_of_record
TN:
SF:src/commands/utility/link.js
FN:6,(anonymous_0)
FN:9,(anonymous_1)
FN:9,(anonymous_2)
FN:17,(anonymous_3)
FN:22,(anonymous_4)
FNF:5
FNH:0
FNDA:0,(anonymous_0)
FNDA:0,(anonymous_1)
FNDA:0,(anonymous_2)
FNDA:0,(anonymous_3)
FNDA:0,(anonymous_4)
DA:1,0
DA:2,0
DA:3,0
DA:4,0
DA:6,0
DA:7,0
DA:9,0
DA:13,0
DA:18,0
DA:23,0
DA:25,0
DA:27,0
DA:30,0
DA:31,0
DA:32,0
DA:35,0
DA:39,0
DA:40,0
DA:42,0
DA:43,0
DA:45,0
DA:46,0
DA:48,0
DA:49,0
DA:53,0
DA:56,0
DA:57,0
DA:58,0
DA:62,0
DA:74,0
DA:86,0
DA:88,0
DA:89,0
LF:33
LH:0
BRDA:6,0,0,0
BRDA:31,1,0,0
BRDA:31,1,1,0
BRDA:42,2,0,0
BRDA:42,2,1,0
BRDA:45,3,0,0
BRDA:45,3,1,0
BRDA:57,4,0,0
BRDA:57,4,1,0
BRDA:57,5,0,0
BRDA:57,5,1,0
BRF:11
BRH:0
end_of_record
TN:
SF:src/commands/utility/ping.js
FN:11,(anonymous_0)
FNF:1
FNH:0
FNDA:0,(anonymous_0)
DA:1,0
DA:3,0
DA:12,0
DA:13,0
DA:14,0
LF:5
LH:0
BRF:0
BRH:0
end_of_record
TN:
SF:src/commands/war/cwl.js
FN:83,(anonymous_0)
FN:87,(anonymous_1)
FN:91,(anonymous_2)
FN:95,(anonymous_3)
FN:99,(anonymous_4)
FN:103,(anonymous_5)
FN:109,(anonymous_6)
FN:113,(anonymous_7)
FN:117,(anonymous_8)
FN:121,(anonymous_9)
FN:125,(anonymous_10)
FN:131,(anonymous_11)
FN:136,(anonymous_12)
FN:142,(anonymous_13)
FN:146,(anonymous_14)
FN:166,(anonymous_15)
FN:207,startCWLSeason
FN:251,(anonymous_17)
FN:266,(anonymous_18)
FN:300,recordCWLWar
FN:319,(anonymous_20)
FN:339,(anonymous_21)
FN:361,updatePlayerPerformance
FN:381,(anonymous_23)
FN:410,(anonymous_24)
FN:443,showCWLRoster
FN:452,(anonymous_26)
FN:473,(anonymous_27)
FN:476,(anonymous_28)
FN:489,(anonymous_29)
FN:490,(anonymous_30)
FN:491,(anonymous_31)
FN:505,showCWLStatus
FN:532,(anonymous_33)
FN:562,(anonymous_34)
FN:566,(anonymous_35)
FN:570,(anonymous_36)
FN:571,(anonymous_37)
FN:593,findActiveCWLSeason
FN:629,getMonthNumber
FN:651,formatSeason
FN:670,getWarResultEmoji
FN:684,chunkArray
FNF:43
FNH:0
FNDA:0,(anonymous_0)
FNDA:0,(anonymous_1)
FNDA:0,(anonymous_2)
FNDA:0,(anonymous_3)
FNDA:0,(anonymous_4)
FNDA:0,(anonymous_5)
FNDA:0,(anonymous_6)
FNDA:0,(anonymous_7)
FNDA:0,(anonymous_8)
FNDA:0,(anonymous_9)
FNDA:0,(anonymous_10)
FNDA:0,(anonymous_11)
FNDA:0,(anonymous_12)
FNDA:0,(anonymous_13)
FNDA:0,(anonymous_14)
FNDA:0,(anonymous_15)
FNDA:0,startCWLSeason
FNDA:0,(anonymous_17)
FNDA:0,(anonymous_18)
FNDA:0,recordCWLWar
FNDA:0,(anonymous_20)
FNDA:0,(anonymous_21)
FNDA:0,updatePlayerPerformance
FNDA:0,(anonymous_23)
FNDA:0,(anonymous_24)
FNDA:0,showCWLRoster
FNDA:0,(anonymous_26)
FNDA:0,(anonymous_27)
FNDA:0,(anonymous_28)
FNDA:0,(anonymous_29)
FNDA:0,(anonymous_30)
FNDA:0,(anonymous_31)
FNDA:0,showCWLStatus
FNDA:0,(anonymous_33)
FNDA:0,(anonymous_34)
FNDA:0,(anonymous_35)
FNDA:0,(anonymous_36)
FNDA:0,(anonymous_37)
FNDA:0,findActiveCWLSeason
FNDA:0,getMonthNumber
FNDA:0,formatSeason
FNDA:0,getWarResultEmoji
FNDA:0,chunkArray
DA:2,0
DA:3,0
DA:4,0
DA:5,0
DA:6,0
DA:7,0
DA:10,0
DA:75,0
DA:77,0
DA:79,0
DA:84,0
DA:88,0
DA:92,0
DA:96,0
DA:100,0
DA:104,0
DA:110,0
DA:114,0
DA:118,0
DA:122,0
DA:126,0
DA:132,0
DA:137,0
DA:143,0
DA:147,0
DA:167,0
DA:169,0
DA:170,0
DA:173,0
DA:174,0
DA:175,0
DA:178,0
DA:180,0
DA:181,0
DA:183,0
DA:184,0
DA:186,0
DA:187,0
DA:189,0
DA:190,0
DA:192,0
DA:193,0
DA:195,0
DA:198,0
DA:199,0
DA:208,0
DA:209,0
DA:210,0
DA:213,0
DA:216,0
DA:221,0
DA:222,0
DA:227,0
DA:228,0
DA:229,0
DA:232,0
DA:243,0
DA:246,0
DA:247,0
DA:249,0
DA:251,0
DA:263,0
DA:264,0
DA:265,0
DA:266,0
DA:267,0
DA:268,0
DA:273,0
DA:274,0
DA:277,0
DA:282,0
DA:294,0
DA:301,0
DA:302,0
DA:305,0
DA:306,0
DA:307,0
DA:309,0
DA:312,0
DA:314,0
DA:315,0
DA:319,0
DA:320,0
DA:321,0
DA:325,0
DA:339,0
DA:341,0
DA:344,0
DA:355,0
DA:363,0
DA:364,0
DA:365,0
DA:367,0
DA:369,0
DA:370,0
DA:371,0
DA:374,0
DA:376,0
DA:377,0
DA:381,0
DA:384,0
DA:385,0
DA:386,0
DA:389,0
DA:390,0
DA:391,0
DA:392,0
DA:396,0
DA:407,0
DA:410,0
DA:412,0
DA:413,0
DA:418,0
DA:419,0
DA:420,0
DA:421,0
DA:423,0
DA:426,0
DA:437,0
DA:445,0
DA:447,0
DA:448,0
DA:452,0
DA:453,0
DA:454,0
DA:456,0
DA:460,0
DA:467,0
DA:468,0
DA:471,0
DA:473,0
DA:474,0
DA:476,0
DA:477,0
DA:478,0
DA:479,0
DA:480,0
DA:482,0
DA:485,0
DA:489,0
DA:490,0
DA:491,0
DA:493,0
DA:499,0
DA:507,0
DA:509,0
DA:510,0
DA:514,0
DA:517,0
DA:523,0
DA:524,0
DA:526,0
DA:527,0
DA:528,0
DA:529,0
DA:530,0
DA:532,0
DA:533,0
DA:534,0
DA:536,0
DA:537,0
DA:538,0
DA:539,0
DA:543,0
DA:546,0
DA:552,0
DA:554,0
DA:555,0
DA:560,0
DA:561,0
DA:562,0
DA:563,0
DA:564,0
DA:566,0
DA:567,0
DA:570,0
DA:571,0
DA:573,0
DA:574,0
DA:576,0
DA:577,0
DA:580,0
DA:581,0
DA:584,0
DA:587,0
DA:595,0
DA:596,0
DA:599,0
DA:605,0
DA:606,0
DA:610,0
DA:617,0
DA:618,0
DA:623,0
DA:630,0
DA:645,0
DA:652,0
DA:654,0
DA:655,0
DA:656,0
DA:661,0
DA:663,0
DA:671,0
DA:672,0
DA:673,0
DA:674,0
DA:675,0
DA:676,0
DA:677,0
DA:685,0
DA:686,0
DA:687,0
DA:689,0
LF:213
LH:0
BRDA:174,0,0,0
BRDA:174,0,1,0
BRDA:178,1,0,0
BRDA:178,1,1,0
BRDA:178,1,2,0
BRDA:178,1,3,0
BRDA:178,1,4,0
BRDA:178,1,5,0
BRDA:221,2,0,0
BRDA:221,2,1,0
BRDA:249,3,0,0
BRDA:249,3,1,0
BRDA:249,4,0,0
BRDA:249,4,1,0
BRDA:265,5,0,0
BRDA:265,5,1,0
BRDA:267,6,0,0
BRDA:267,6,1,0
BRDA:306,7,0,0
BRDA:306,7,1,0
BRDA:314,8,0,0
BRDA:314,8,1,0
BRDA:320,9,0,0
BRDA:320,9,1,0
BRDA:364,10,0,0
BRDA:364,10,1,0
BRDA:376,11,0,0
BRDA:376,11,1,0
BRDA:384,12,0,0
BRDA:384,12,1,0
BRDA:391,13,0,0
BRDA:391,13,1,0
BRDA:447,14,0,0
BRDA:447,14,1,0
BRDA:453,15,0,0
BRDA:453,15,1,0
BRDA:467,16,0,0
BRDA:467,16,1,0
BRDA:491,17,0,0
BRDA:491,17,1,0
BRDA:509,18,0,0
BRDA:509,18,1,0
BRDA:523,19,0,0
BRDA:523,19,1,0
BRDA:536,20,0,0
BRDA:536,20,1,0
BRDA:537,21,0,0
BRDA:537,21,1,0
BRDA:538,22,0,0
BRDA:538,22,1,0
BRDA:552,23,0,0
BRDA:552,23,1,0
BRDA:552,24,0,0
BRDA:552,24,1,0
BRDA:561,25,0,0
BRDA:561,25,1,0
BRDA:564,26,0,0
BRDA:564,26,1,0
BRDA:567,27,0,0
BRDA:567,27,1,0
BRDA:576,28,0,0
BRDA:576,28,1,0
BRDA:580,29,0,0
BRDA:580,29,1,0
BRDA:605,30,0,0
BRDA:605,30,1,0
BRDA:606,31,0,0
BRDA:606,31,1,0
BRDA:617,32,0,0
BRDA:617,32,1,0
BRDA:645,33,0,0
BRDA:645,33,1,0
BRDA:652,34,0,0
BRDA:652,34,1,0
BRDA:671,35,0,0
BRDA:671,35,1,0
BRDA:671,35,2,0
BRDA:671,35,3,0
BRDA:671,35,4,0
BRDA:671,35,5,0
BRF:80
BRH:0
end_of_record
TN:
SF:src/commands/war/plan.js
FN:91,(anonymous_0)
FN:95,(anonymous_1)
FN:99,(anonymous_2)
FN:103,(anonymous_3)
FN:107,(anonymous_4)
FN:113,(anonymous_5)
FN:117,(anonymous_6)
FN:123,(anonymous_7)
FN:127,(anonymous_8)
FN:131,(anonymous_9)
FN:137,(anonymous_10)
FN:141,(anonymous_11)
FN:147,(anonymous_12)
FN:153,(anonymous_13)
FN:162,(anonymous_14)
FN:166,(anonymous_15)
FN:170,(anonymous_16)
FN:176,(anonymous_17)
FN:197,(anonymous_18)
FN:241,createWarPlan
FN:278,(anonymous_20)
FN:286,(anonymous_21)
FN:346,assignAttacker
FN:370,(anonymous_23)
FN:398,(anonymous_24)
FN:419,(anonymous_25)
FN:443,updateAttackResult
FN:468,(anonymous_27)
FN:474,(anonymous_28)
FN:505,viewWarPlan
FN:528,(anonymous_30)
FN:533,(anonymous_31)
FN:621,clearAssignment
FN:635,(anonymous_33)
FN:667,endWarPlan
FN:684,(anonymous_35)
FN:685,(anonymous_36)
FN:723,getStatusEmoji
FNF:38
FNH:0
FNDA:0,(anonymous_0)
FNDA:0,(anonymous_1)
FNDA:0,(anonymous_2)
FNDA:0,(anonymous_3)
FNDA:0,(anonymous_4)
FNDA:0,(anonymous_5)
FNDA:0,(anonymous_6)
FNDA:0,(anonymous_7)
FNDA:0,(anonymous_8)
FNDA:0,(anonymous_9)
FNDA:0,(anonymous_10)
FNDA:0,(anonymous_11)
FNDA:0,(anonymous_12)
FNDA:0,(anonymous_13)
FNDA:0,(anonymous_14)
FNDA:0,(anonymous_15)
FNDA:0,(anonymous_16)
FNDA:0,(anonymous_17)
FNDA:0,(anonymous_18)
FNDA:0,createWarPlan
FNDA:0,(anonymous_20)
FNDA:0,(anonymous_21)
FNDA:0,assignAttacker
FNDA:0,(anonymous_23)
FNDA:0,(anonymous_24)
FNDA:0,(anonymous_25)
FNDA:0,updateAttackResult
FNDA:0,(anonymous_27)
FNDA:0,(anonymous_28)
FNDA:0,viewWarPlan
FNDA:0,(anonymous_30)
FNDA:0,(anonymous_31)
FNDA:0,clearAssignment
FNDA:0,(anonymous_33)
FNDA:0,endWarPlan
FNDA:0,(anonymous_35)
FNDA:0,(anonymous_36)
FNDA:0,getStatusEmoji
DA:2,0
DA:3,0
DA:4,0
DA:5,0
DA:6,0
DA:7,0
DA:10,0
DA:82,0
DA:83,0
DA:85,0
DA:87,0
DA:92,0
DA:96,0
DA:100,0
DA:104,0
DA:108,0
DA:114,0
DA:118,0
DA:124,0
DA:128,0
DA:132,0
DA:138,0
DA:142,0
DA:148,0
DA:154,0
DA:163,0
DA:167,0
DA:171,0
DA:177,0
DA:198,0
DA:200,0
DA:201,0
DA:204,0
DA:205,0
DA:206,0
DA:209,0
DA:211,0
DA:212,0
DA:214,0
DA:215,0
DA:217,0
DA:218,0
DA:220,0
DA:221,0
DA:223,0
DA:224,0
DA:226,0
DA:227,0
DA:229,0
DA:232,0
DA:233,0
DA:242,0
DA:245,0
DA:246,0
DA:247,0
DA:249,0
DA:252,0
DA:257,0
DA:258,0
DA:262,0
DA:263,0
DA:264,0
DA:267,0
DA:270,0
DA:271,0
DA:274,0
DA:276,0
DA:278,0
DA:279,0
DA:280,0
DA:282,0
DA:286,0
DA:294,0
DA:299,0
DA:301,0
DA:302,0
DA:312,0
DA:325,0
DA:328,0
DA:340,0
DA:347,0
DA:350,0
DA:351,0
DA:352,0
DA:354,0
DA:356,0
DA:357,0
DA:360,0
DA:365,0
DA:366,0
DA:370,0
DA:371,0
DA:372,0
DA:376,0
DA:377,0
DA:379,0
DA:381,0
DA:382,0
DA:383,0
DA:386,0
DA:387,0
DA:388,0
DA:392,0
DA:397,0
DA:398,0
DA:401,0
DA:403,0
DA:404,0
DA:407,0
DA:419,0
DA:422,0
DA:423,0
DA:426,0
DA:437,0
DA:444,0
DA:447,0
DA:448,0
DA:449,0
DA:451,0
DA:453,0
DA:454,0
DA:455,0
DA:458,0
DA:463,0
DA:464,0
DA:468,0
DA:469,0
DA:470,0
DA:474,0
DA:475,0
DA:476,0
DA:480,0
DA:481,0
DA:482,0
DA:484,0
DA:485,0
DA:488,0
DA:499,0
DA:507,0
DA:512,0
DA:513,0
DA:517,0
DA:518,0
DA:522,0
DA:523,0
DA:524,0
DA:525,0
DA:526,0
DA:528,0
DA:529,0
DA:530,0
DA:533,0
DA:534,0
DA:536,0
DA:537,0
DA:538,0
DA:539,0
DA:544,0
DA:547,0
DA:564,0
DA:565,0
DA:569,0
DA:570,0
DA:572,0
DA:573,0
DA:575,0
DA:579,0
DA:581,0
DA:582,0
DA:584,0
DA:585,0
DA:587,0
DA:588,0
DA:589,0
DA:590,0
DA:591,0
DA:592,0
DA:594,0
DA:596,0
DA:597,0
DA:602,0
DA:605,0
DA:606,0
DA:610,0
DA:613,0
DA:614,0
DA:622,0
DA:625,0
DA:630,0
DA:631,0
DA:635,0
DA:636,0
DA:637,0
DA:641,0
DA:642,0
DA:646,0
DA:649,0
DA:651,0
DA:652,0
DA:655,0
DA:661,0
DA:669,0
DA:674,0
DA:675,0
DA:679,0
DA:680,0
DA:681,0
DA:682,0
DA:684,0
DA:685,0
DA:686,0
DA:688,0
DA:689,0
DA:690,0
DA:692,0
DA:693,0
DA:700,0
DA:701,0
DA:702,0
DA:705,0
DA:717,0
DA:724,0
DA:725,0
DA:726,0
DA:727,0
DA:728,0
DA:729,0
LF:227
LH:0
BRDA:205,0,0,0
BRDA:205,0,1,0
BRDA:209,1,0,0
BRDA:209,1,1,0
BRDA:209,1,2,0
BRDA:209,1,3,0
BRDA:209,1,4,0
BRDA:209,1,5,0
BRDA:209,1,6,0
BRDA:246,2,0,0
BRDA:246,2,1,0
BRDA:257,3,0,0
BRDA:257,3,1,0
BRDA:276,4,0,0
BRDA:276,4,1,0
BRDA:276,5,0,0
BRDA:276,5,1,0
BRDA:279,6,0,0
BRDA:279,6,1,0
BRDA:299,7,0,0
BRDA:299,7,1,0
BRDA:351,8,0,0
BRDA:351,8,1,0
BRDA:356,9,0,0
BRDA:356,9,1,0
BRDA:357,10,0,0
BRDA:357,10,1,0
BRDA:365,11,0,0
BRDA:365,11,1,0
BRDA:371,12,0,0
BRDA:371,12,1,0
BRDA:382,13,0,0
BRDA:382,13,1,0
BRDA:387,14,0,0
BRDA:387,14,1,0
BRDA:398,15,0,0
BRDA:398,15,1,0
BRDA:401,16,0,0
BRDA:401,16,1,0
BRDA:431,17,0,0
BRDA:431,17,1,0
BRDA:431,18,0,0
BRDA:431,18,1,0
BRDA:432,19,0,0
BRDA:432,19,1,0
BRDA:433,20,0,0
BRDA:433,20,1,0
BRDA:448,21,0,0
BRDA:448,21,1,0
BRDA:455,22,0,0
BRDA:455,22,1,0
BRDA:463,23,0,0
BRDA:463,23,1,0
BRDA:469,24,0,0
BRDA:469,24,1,0
BRDA:475,25,0,0
BRDA:475,25,1,0
BRDA:493,26,0,0
BRDA:493,26,1,0
BRDA:512,27,0,0
BRDA:512,27,1,0
BRDA:518,28,0,0
BRDA:518,28,1,0
BRDA:519,29,0,0
BRDA:519,29,1,0
BRDA:529,30,0,0
BRDA:529,30,1,0
BRDA:536,31,0,0
BRDA:536,31,1,0
BRDA:544,32,0,0
BRDA:544,32,1,0
BRDA:564,33,0,0
BRDA:564,33,1,0
BRDA:582,34,0,0
BRDA:582,34,1,0
BRDA:582,35,0,0
BRDA:582,35,1,0
BRDA:584,36,0,0
BRDA:584,36,1,0
BRDA:589,37,0,0
BRDA:589,37,1,0
BRDA:590,38,0,0
BRDA:590,38,1,0
BRDA:591,39,0,0
BRDA:591,39,1,0
BRDA:592,40,0,0
BRDA:592,40,1,0
BRDA:596,41,0,0
BRDA:596,41,1,0
BRDA:630,42,0,0
BRDA:630,42,1,0
BRDA:636,43,0,0
BRDA:636,43,1,0
BRDA:641,44,0,0
BRDA:641,44,1,0
BRDA:674,45,0,0
BRDA:674,45,1,0
BRDA:688,46,0,0
BRDA:688,46,1,0
BRDA:692,47,0,0
BRDA:692,47,1,0
BRDA:724,48,0,0
BRDA:724,48,1,0
BRDA:724,48,2,0
BRDA:724,48,3,0
BRDA:724,48,4,0
BRF:106
BRH:0
end_of_record
TN:
SF:src/commands/war/warreminder.js
FN:17,(anonymous_0)
FN:21,(anonymous_1)
FN:25,(anonymous_2)
FN:29,(anonymous_3)
FN:35,(anonymous_4)
FN:54,(anonymous_5)
FN:105,checkMissingAttacks
FN:124,(anonymous_7)
FN:133,(anonymous_8)
FN:133,(anonymous_9)
FN:135,(anonymous_10)
FN:148,sendReminders
FN:164,(anonymous_12)
FN:228,scheduleReminder
FN:253,(anonymous_14)
FN:284,(anonymous_15)
FN:293,(anonymous_16)
FN:293,(anonymous_17)
FN:295,(anonymous_18)
FN:307,(anonymous_19)
FN:362,cancelReminder
FN:392,getMissingAttacks
FNF:22
FNH:0
FNDA:0,(anonymous_0)
FNDA:0,(anonymous_1)
FNDA:0,(anonymous_2)
FNDA:0,(anonymous_3)
FNDA:0,(anonymous_4)
FNDA:0,(anonymous_5)
FNDA:0,checkMissingAttacks
FNDA:0,(anonymous_7)
FNDA:0,(anonymous_8)
FNDA:0,(anonymous_9)
FNDA:0,(anonymous_10)
FNDA:0,sendReminders
FNDA:0,(anonymous_12)
FNDA:0,scheduleReminder
FNDA:0,(anonymous_14)
FNDA:0,(anonymous_15)
FNDA:0,(anonymous_16)
FNDA:0,(anonymous_17)
FNDA:0,(anonymous_18)
FNDA:0,(anonymous_19)
FNDA:0,cancelReminder
FNDA:0,getMissingAttacks
DA:2,0
DA:3,0
DA:4,0
DA:5,0
DA:6,0
DA:7,0
DA:11,0
DA:13,0
DA:18,0
DA:22,0
DA:26,0
DA:30,0
DA:36,0
DA:55,0
DA:57,0
DA:58,0
DA:61,0
DA:62,0
DA:63,0
DA:67,0
DA:70,0
DA:71,0
DA:75,0
DA:76,0
DA:79,0
DA:81,0
DA:82,0
DA:84,0
DA:85,0
DA:87,0
DA:88,0
DA:90,0
DA:91,0
DA:93,0
DA:96,0
DA:97,0
DA:106,0
DA:107,0
DA:110,0
DA:112,0
DA:113,0
DA:117,0
DA:124,0
DA:125,0
DA:126,0
DA:128,0
DA:129,0
DA:133,0
DA:134,0
DA:135,0
DA:136,0
DA:142,0
DA:149,0
DA:150,0
DA:153,0
DA:155,0
DA:156,0
DA:160,0
DA:163,0
DA:164,0
DA:165,0
DA:166,0
DA:171,0
DA:172,0
DA:175,0
DA:176,0
DA:177,0
DA:179,0
DA:182,0
DA:193,0
DA:194,0
DA:196,0
DA:197,0
DA:200,0
DA:205,0
DA:211,0
DA:212,0
DA:216,0
DA:222,0
DA:229,0
DA:230,0
DA:233,0
DA:236,0
DA:237,0
DA:240,0
DA:241,0
DA:245,0
DA:246,0
DA:250,0
DA:253,0
DA:254,0
DA:256,0
DA:259,0
DA:260,0
DA:261,0
DA:264,0
DA:266,0
DA:267,0
DA:268,0
DA:272,0
DA:277,0
DA:284,0
DA:285,0
DA:286,0
DA:288,0
DA:289,0
DA:293,0
DA:294,0
DA:295,0
DA:296,0
DA:303,0
DA:306,0
DA:307,0
DA:309,0
DA:310,0
DA:311,0
DA:312,0
DA:313,0
DA:314,0
DA:316,0
DA:321,0
DA:322,0
DA:326,0
DA:329,0
DA:334,0
DA:343,0
DA:356,0
DA:363,0
DA:364,0
DA:368,0
DA:371,0
DA:374,0
DA:377,0
DA:386,0
DA:393,0
DA:395,0
DA:396,0
DA:399,0
DA:401,0
DA:402,0
DA:404,0
DA:405,0
DA:415,0
LF:143
LH:0
BRDA:62,0,0,0
BRDA:62,0,1,0
BRDA:70,1,0,0
BRDA:70,1,1,0
BRDA:70,2,0,0
BRDA:70,2,1,0
BRDA:75,3,0,0
BRDA:75,3,1,0
BRDA:79,4,0,0
BRDA:79,4,1,0
BRDA:79,4,2,0
BRDA:79,4,3,0
BRDA:79,4,4,0
BRDA:106,5,0,0
BRDA:106,5,1,0
BRDA:106,6,0,0
BRDA:106,6,1,0
BRDA:112,7,0,0
BRDA:112,7,1,0
BRDA:125,8,0,0
BRDA:125,8,1,0
BRDA:137,9,0,0
BRDA:137,9,1,0
BRDA:149,10,0,0
BRDA:149,10,1,0
BRDA:155,11,0,0
BRDA:155,11,1,0
BRDA:165,12,0,0
BRDA:165,12,1,0
BRDA:176,13,0,0
BRDA:176,13,1,0
BRDA:211,14,0,0
BRDA:211,14,1,0
BRDA:229,15,0,0
BRDA:229,15,1,0
BRDA:240,16,0,0
BRDA:240,16,1,0
BRDA:245,17,0,0
BRDA:245,17,1,0
BRDA:259,18,0,0
BRDA:259,18,1,0
BRDA:259,19,0,0
BRDA:259,19,1,0
BRDA:266,20,0,0
BRDA:266,20,1,0
BRDA:273,21,0,0
BRDA:273,21,1,0
BRDA:285,22,0,0
BRDA:285,22,1,0
BRDA:297,23,0,0
BRDA:297,23,1,0
BRDA:311,24,0,0
BRDA:311,24,1,0
BRDA:311,25,0,0
BRDA:311,25,1,0
BRDA:321,26,0,0
BRDA:321,26,1,0
BRDA:363,27,0,0
BRDA:363,27,1,0
BRDA:395,28,0,0
BRDA:395,28,1,0
BRDA:401,29,0,0
BRDA:401,29,1,0
BRDA:404,30,0,0
BRDA:404,30,1,0
BRF:65
BRH:0
end_of_record
TN:
SF:src/events/interactionCreate.js
FN:8,(anonymous_0)
FN:10,(anonymous_1)
FN:16,(anonymous_2)
FN:25,(anonymous_3)
FN:133,(anonymous_4)
FN:136,(anonymous_5)
FN:138,(anonymous_6)
FN:140,(anonymous_7)
FNF:8
FNH:0
FNDA:0,(anonymous_0)
FNDA:0,(anonymous_1)
FNDA:0,(anonymous_2)
FNDA:0,(anonymous_3)
FNDA:0,(anonymous_4)
FNDA:0,(anonymous_5)
FNDA:0,(anonymous_6)
FNDA:0,(anonymous_7)
DA:1,0
DA:2,0
DA:4,0
DA:10,0
DA:11,0
DA:12,0
DA:16,0
DA:17,0
DA:18,0
DA:22,0
DA:27,0
DA:28,0
DA:30,0
DA:31,0
DA:32,0
DA:33,0
DA:34,0
DA:36,0
DA:37,0
DA:40,0
DA:41,0
DA:43,0
DA:48,0
DA:50,0
DA:57,0
DA:58,0
DA:59,0
DA:60,0
DA:61,0
DA:64,0
DA:70,0
DA:73,0
DA:74,0
DA:76,0
DA:78,0
DA:79,0
DA:80,0
DA:81,0
DA:85,0
DA:86,0
DA:87,0
DA:90,0
DA:92,0
DA:95,0
DA:96,0
DA:97,0
DA:99,0
DA:104,0
DA:107,0
DA:108,0
DA:109,0
DA:112,0
DA:113,0
DA:116,0
DA:117,0
DA:118,0
DA:119,0
DA:120,0
DA:121,0
DA:123,0
DA:128,0
DA:134,0
DA:135,0
DA:136,0
DA:137,0
DA:138,0
DA:140,0
DA:143,0
LF:68
LH:0
BRDA:17,0,0,0
BRDA:17,0,1,0
BRDA:17,1,0,0
BRDA:17,1,1,0
BRDA:27,2,0,0
BRDA:27,2,1,0
BRDA:30,3,0,0
BRDA:30,3,1,0
BRDA:33,4,0,0
BRDA:33,4,1,0
BRDA:48,5,0,0
BRDA:48,5,1,0
BRDA:48,6,0,0
BRDA:48,6,1,0
BRDA:50,7,0,0
BRDA:50,7,1,0
BRDA:50,8,0,0
BRDA:50,8,1,0
BRDA:50,8,2,0
BRDA:50,8,3,0
BRDA:50,8,4,0
BRDA:50,8,5,0
BRDA:59,9,0,0
BRDA:59,9,1,0
BRDA:61,10,0,0
BRDA:61,10,1,0
BRDA:70,11,0,0
BRDA:70,11,1,0
BRDA:78,12,0,0
BRDA:78,12,1,0
BRDA:85,13,0,0
BRDA:85,13,1,0
BRDA:85,14,0,0
BRDA:85,14,1,0
BRDA:95,15,0,0
BRDA:95,15,1,0
BRDA:95,16,0,0
BRDA:95,16,1,0
BRDA:95,16,2,0
BRDA:117,17,0,0
BRDA:117,17,1,0
BRDA:118,18,0,0
BRDA:118,18,1,0
BRDA:118,19,0,0
BRDA:118,19,1,0
BRDA:120,20,0,0
BRDA:120,20,1,0
BRDA:120,21,0,0
BRDA:120,21,1,0
BRDA:133,22,0,0
BRDA:135,23,0,0
BRDA:135,23,1,0
BRDA:137,24,0,0
BRDA:137,24,1,0
BRF:54
BRH:0
end_of_record
TN:
SF:src/events/ready.js
FN:6,(anonymous_0)
FNF:1
FNH:0
FNDA:0,(anonymous_0)
DA:1,0
DA:3,0
DA:7,0
DA:8,0
DA:11,0
DA:13,0
DA:15,0
LF:7
LH:0
BRF:0
BRH:0
end_of_record
TN:
SF:src/handlers/commandHandler.js
FN:8,loadCommands
FN:25,(anonymous_1)
FN:35,(anonymous_2)
FN:79,registerCommands
FNF:4
FNH:0
FNDA:0,loadCommands
FNDA:0,(anonymous_1)
FNDA:0,(anonymous_2)
FNDA:0,registerCommands
DA:1,0
DA:2,0
DA:3,0
DA:10,0
DA:11,0
DA:13,0
DA:14,0
DA:17,0
DA:18,0
DA:19,0
DA:20,0
DA:24,0
DA:26,0
DA:27,0
DA:30,0
DA:33,0
DA:34,0
DA:35,0
DA:38,0
DA:39,0
DA:40,0
DA:42,0
DA:45,0
DA:48,0
DA:49,0
DA:50,0
DA:53,0
DA:55,0
DA:56,0
DA:57,0
DA:58,0
DA:60,0
DA:63,0
DA:68,0
DA:70,0
DA:73,0
DA:80,0
DA:82,0
DA:83,0
DA:84,0
DA:88,0
DA:90,0
DA:91,0
DA:94,0
DA:99,0
DA:101,0
DA:102,0
DA:104,0
DA:107,0
DA:108,0
DA:109,0
DA:110,0
DA:111,0
DA:112,0
DA:113,0
DA:114,0
DA:117,0
DA:121,0
LF:58
LH:0
BRDA:17,0,0,0
BRDA:17,0,1,0
BRDA:27,1,0,0
BRDA:27,1,1,0
BRDA:48,2,0,0
BRDA:48,2,1,0
BRDA:48,3,0,0
BRDA:48,3,1,0
BRDA:79,4,0,0
BRDA:82,5,0,0
BRDA:82,5,1,0
BRDA:91,6,0,0
BRDA:91,6,1,0
BRDA:94,7,0,0
BRDA:94,7,1,0
BRDA:107,8,0,0
BRDA:107,8,1,0
BRDA:109,9,0,0
BRDA:109,9,1,0
BRDA:111,10,0,0
BRDA:111,10,1,0
BRDA:113,11,0,0
BRDA:113,11,1,0
BRF:23
BRH:0
end_of_record
TN:
SF:src/handlers/eventHandler.js
FN:8,loadEvents
FN:19,(anonymous_1)
FN:55,(anonymous_2)
FN:63,(anonymous_3)
FNF:4
FNH:0
FNDA:0,loadEvents
FNDA:0,(anonymous_1)
FNDA:0,(anonymous_2)
FNDA:0,(anonymous_3)
DA:1,0
DA:2,0
DA:9,0
DA:10,0
DA:13,0
DA:14,0
DA:15,0
DA:16,0
DA:19,0
DA:21,0
DA:22,0
DA:23,0
DA:27,0
DA:29,0
DA:30,0
DA:31,0
DA:32,0
DA:35,0
DA:36,0
DA:37,0
DA:40,0
DA:41,0
DA:42,0
DA:46,0
DA:49,0
DA:50,0
DA:54,0
DA:55,0
DA:56,0
DA:57,0
DA:59,0
DA:63,0
DA:64,0
DA:65,0
DA:67,0
DA:73,0
DA:74,0
DA:76,0
DA:78,0
DA:80,0
DA:85,0
DA:86,0
DA:87,0
DA:91,0
DA:93,0
DA:94,0
DA:98,0
LF:47
LH:0
BRDA:13,0,0,0
BRDA:13,0,1,0
BRDA:21,1,0,0
BRDA:21,1,1,0
BRDA:35,2,0,0
BRDA:35,2,1,0
BRDA:40,3,0,0
BRDA:40,3,1,0
BRDA:46,4,0,0
BRDA:46,4,1,0
BRDA:49,5,0,0
BRDA:49,5,1,0
BRDA:54,6,0,0
BRDA:54,6,1,0
BRDA:73,7,0,0
BRDA:73,7,1,0
BRDA:78,8,0,0
BRDA:78,8,1,0
BRDA:86,9,0,0
BRDA:86,9,1,0
BRF:20
BRH:0
end_of_record
TN:
SF:src/models/Clan.js
FN:11,(anonymous_0)
FN:15,(anonymous_1)
FN:151,(anonymous_2)
FN:164,(anonymous_3)
FN:171,(anonymous_4)
FN:188,(anonymous_5)
FN:196,(anonymous_6)
FN:212,(anonymous_7)
FNF:8
FNH:0
FNDA:0,(anonymous_0)
FNDA:0,(anonymous_1)
FNDA:0,(anonymous_2)
FNDA:0,(anonymous_3)
FNDA:0,(anonymous_4)
FNDA:0,(anonymous_5)
FNDA:0,(anonymous_6)
FNDA:0,(anonymous_7)
DA:1,0
DA:3,0
DA:13,0
DA:15,0
DA:151,0
DA:152,0
DA:155,0
DA:156,0
DA:164,0
DA:167,0
DA:171,0
DA:172,0
DA:175,0
DA:176,0
DA:177,0
DA:179,0
DA:180,0
DA:188,0
DA:192,0
DA:196,0
DA:197,0
DA:198,0
DA:201,0
DA:202,0
DA:203,0
DA:204,0
DA:205,0
DA:208,0
DA:212,0
DA:213,0
DA:217,0
DA:220,0
DA:223,0
DA:225,0
LF:34
LH:0
BRDA:155,0,0,0
BRDA:155,0,1,0
BRDA:175,1,0,0
BRDA:175,1,1,0
BRDA:175,2,0,0
BRDA:175,2,1,0
BRDA:175,2,2,0
BRDA:177,3,0,0
BRDA:177,3,1,0
BRDA:179,4,0,0
BRDA:179,4,1,0
BRDA:198,5,0,0
BRDA:198,5,1,0
BRDA:202,6,0,0
BRDA:202,6,1,0
BRF:15
BRH:0
end_of_record
TN:
SF:src/models/PlayerStats.js
FN:80,(anonymous_0)
FN:91,(anonymous_1)
FN:116,(anonymous_2)
FNF:3
FNH:0
FNDA:0,(anonymous_0)
FNDA:0,(anonymous_1)
FNDA:0,(anonymous_2)
DA:1,0
DA:3,0
DA:9,0
DA:15,0
DA:21,0
DA:82,0
DA:88,0
DA:91,0
DA:92,0
DA:97,0
DA:101,0
DA:102,0
DA:105,0
DA:116,0
DA:117,0
DA:120,0
DA:121,0
DA:122,0
DA:123,0
DA:125,0
DA:133,0
DA:142,0
LF:22
LH:0
BRDA:101,0,0,0
BRDA:101,0,1,0
BRDA:101,1,0,0
BRDA:101,1,1,0
BRF:4
BRH:0
end_of_record
TN:
SF:src/models/User.js
FN:71,(anonymous_0)
FNF:1
FNH:0
FNDA:0,(anonymous_0)
DA:1,0
DA:3,0
DA:71,0
DA:72,0
DA:73,0
DA:76,0
LF:6
LH:0
BRF:0
BRH:0
end_of_record
TN:
SF:src/services/automationService.js
FN:8,(anonymous_0)
FN:24,(anonymous_1)
FN:29,(anonymous_2)
FN:35,(anonymous_3)
FN:49,(anonymous_4)
FN:54,(anonymous_5)
FN:65,(anonymous_6)
FN:79,(anonymous_7)
FN:98,(anonymous_8)
FN:124,(anonymous_9)
FN:158,(anonymous_10)
FN:205,(anonymous_11)
FN:300,(anonymous_12)
FN:304,(anonymous_13)
FN:305,(anonymous_14)
FN:306,(anonymous_15)
FN:310,(anonymous_16)
FN:311,(anonymous_17)
FN:320,(anonymous_18)
FN:321,(anonymous_19)
FNF:20
FNH:0
FNDA:0,(anonymous_0)
FNDA:0,(anonymous_1)
FNDA:0,(anonymous_2)
FNDA:0,(anonymous_3)
FNDA:0,(anonymous_4)
FNDA:0,(anonymous_5)
FNDA:0,(anonymous_6)
FNDA:0,(anonymous_7)
FNDA:0,(anonymous_8)
FNDA:0,(anonymous_9)
FNDA:0,(anonymous_10)
FNDA:0,(anonymous_11)
FNDA:0,(anonymous_12)
FNDA:0,(anonymous_13)
FNDA:0,(anonymous_14)
FNDA:0,(anonymous_15)
FNDA:0,(anonymous_16)
FNDA:0,(anonymous_17)
FNDA:0,(anonymous_18)
FNDA:0,(anonymous_19)
DA:2,0
DA:3,0
DA:4,0
DA:5,0
DA:9,0
DA:10,0
DA:11,0
DA:12,0
DA:15,0
DA:25,0
DA:26,0
DA:29,0
DA:31,0
DA:36,0
DA:37,0
DA:38,0
DA:50,0
DA:52,0
DA:53,0
DA:54,0
DA:55,0
DA:57,0
DA:62,0
DA:63,0
DA:64,0
DA:65,0
DA:66,0
DA:68,0
DA:70,0
DA:76,0
DA:77,0
DA:79,0
DA:80,0
DA:82,0
DA:84,0
DA:89,0
DA:90,0
DA:92,0
DA:93,0
DA:99,0
DA:100,0
DA:101,0
DA:103,0
DA:104,0
DA:105,0
DA:108,0
DA:110,0
DA:111,0
DA:112,0
DA:114,0
DA:119,0
DA:125,0
DA:126,0
DA:127,0
DA:132,0
DA:134,0
DA:135,0
DA:137,0
DA:138,0
DA:142,0
DA:143,0
DA:146,0
DA:149,0
DA:150,0
DA:153,0
DA:160,0
DA:161,0
DA:164,0
DA:166,0
DA:167,0
DA:168,0
DA:169,0
DA:173,0
DA:174,0
DA:176,0
DA:177,0
DA:178,0
DA:184,0
DA:186,0
DA:188,0
DA:200,0
DA:203,0
DA:204,0
DA:205,0
DA:206,0
DA:207,0
DA:208,0
DA:213,0
DA:214,0
DA:217,0
DA:221,0
DA:223,0
DA:226,0
DA:227,0
DA:228,0
DA:230,0
DA:231,0
DA:232,0
DA:233,0
DA:234,0
DA:235,0
DA:236,0
DA:237,0
DA:238,0
DA:240,0
DA:241,0
DA:242,0
DA:243,0
DA:244,0
DA:245,0
DA:246,0
DA:247,0
DA:249,0
DA:250,0
DA:251,0
DA:255,0
DA:269,0
DA:270,0
DA:277,0
DA:278,0
DA:279,0
DA:280,0
DA:281,0
DA:287,0
DA:291,0
DA:295,0
DA:301,0
DA:304,0
DA:305,0
DA:306,0
DA:308,0
DA:310,0
DA:311,0
DA:313,0
DA:317,0
DA:318,0
DA:320,0
DA:321,0
DA:322,0
DA:323,0
DA:328,0
LF:141
LH:0
BRDA:36,0,0,0
BRDA:36,0,1,0
BRDA:49,1,0,0
BRDA:52,2,0,0
BRDA:52,2,1,0
BRDA:55,3,0,0
BRDA:55,3,1,0
BRDA:62,4,0,0
BRDA:62,4,1,0
BRDA:66,5,0,0
BRDA:66,5,1,0
BRDA:68,6,0,0
BRDA:68,6,1,0
BRDA:76,7,0,0
BRDA:76,7,1,0
BRDA:82,8,0,0
BRDA:82,8,1,0
BRDA:103,9,0,0
BRDA:103,9,1,0
BRDA:103,10,0,0
BRDA:103,10,1,0
BRDA:125,11,0,0
BRDA:125,11,1,0
BRDA:125,12,0,0
BRDA:125,12,1,0
BRDA:142,13,0,0
BRDA:142,13,1,0
BRDA:143,14,0,0
BRDA:143,14,1,0
BRDA:149,15,0,0
BRDA:149,15,1,0
BRDA:149,16,0,0
BRDA:149,16,1,0
BRDA:160,17,0,0
BRDA:160,17,1,0
BRDA:160,18,0,0
BRDA:160,18,1,0
BRDA:167,19,0,0
BRDA:167,19,1,0
BRDA:173,20,0,0
BRDA:173,20,1,0
BRDA:176,21,0,0
BRDA:176,21,1,0
BRDA:184,22,0,0
BRDA:184,22,1,0
BRDA:184,23,0,0
BRDA:184,23,1,0
BRDA:186,24,0,0
BRDA:186,24,1,0
BRDA:191,25,0,0
BRDA:191,25,1,0
BRDA:193,26,0,0
BRDA:193,26,1,0
BRDA:193,27,0,0
BRDA:193,27,1,0
BRDA:194,28,0,0
BRDA:194,28,1,0
BRDA:206,29,0,0
BRDA:206,29,1,0
BRDA:213,30,0,0
BRDA:213,30,1,0
BRDA:213,31,0,0
BRDA:213,31,1,0
BRDA:221,32,0,0
BRDA:221,32,1,0
BRDA:221,33,0,0
BRDA:221,33,1,0
BRDA:223,34,0,0
BRDA:223,34,1,0
BRDA:230,35,0,0
BRDA:230,35,1,0
BRDA:233,36,0,0
BRDA:233,36,1,0
BRDA:234,37,0,0
BRDA:234,37,1,0
BRDA:237,38,0,0
BRDA:237,38,1,0
BRDA:238,39,0,0
BRDA:238,39,1,0
BRDA:240,40,0,0
BRDA:240,40,1,0
BRDA:243,41,0,0
BRDA:243,41,1,0
BRDA:244,42,0,0
BRDA:244,42,1,0
BRDA:251,43,0,0
BRDA:251,43,1,0
BRDA:261,44,0,0
BRDA:261,44,1,0
BRDA:262,45,0,0
BRDA:262,45,1,0
BRDA:262,46,0,0
BRDA:262,46,1,0
BRDA:263,47,0,0
BRDA:263,47,1,0
BRDA:264,48,0,0
BRDA:264,48,1,0
BRDA:264,49,0,0
BRDA:264,49,1,0
BRDA:269,50,0,0
BRDA:269,50,1,0
BRDA:277,51,0,0
BRDA:277,51,1,0
BRDA:280,52,0,0
BRDA:280,52,1,0
BRDA:301,53,0,0
BRDA:301,53,1,0
BRDA:301,54,0,0
BRDA:301,54,1,0
BRDA:301,54,2,0
BRDA:305,55,0,0
BRDA:305,55,1,0
BRDA:305,56,0,0
BRDA:305,56,1,0
BRDA:306,57,0,0
BRDA:306,57,1,0
BRDA:306,58,0,0
BRDA:306,58,1,0
BRDA:308,59,0,0
BRDA:308,59,1,0
BRDA:310,60,0,0
BRDA:310,60,1,0
BRDA:310,61,0,0
BRDA:310,61,1,0
BRDA:311,62,0,0
BRDA:311,62,1,0
BRDA:311,63,0,0
BRDA:311,63,1,0
BRDA:318,64,0,0
BRDA:318,64,1,0
BRDA:321,65,0,0
BRDA:321,65,1,0
BRDA:321,66,0,0
BRDA:321,66,1,0
BRDA:322,67,0,0
BRDA:322,67,1,0
BRDA:322,68,0,0
BRDA:322,68,1,0
BRF:138
BRH:0
end_of_record
TN:
SF:src/services/cacheService.js
FN:6,(anonymous_0)
FN:23,(anonymous_1)
FN:33,(anonymous_2)
FN:38,(anonymous_3)
FN:44,(anonymous_4)
FN:45,(anonymous_5)
FN:62,(anonymous_6)
FN:68,(anonymous_7)
FN:70,(anonymous_8)
FN:76,(anonymous_9)
FNF:10
FNH:6
FNDA:1,(anonymous_0)
FNDA:11,(anonymous_1)
FNDA:6,(anonymous_2)
FNDA:1,(anonymous_3)
FNDA:0,(anonymous_4)
FNDA:0,(anonymous_5)
FNDA:7,(anonymous_6)
FNDA:0,(anonymous_7)
FNDA:0,(anonymous_8)
FNDA:2,(anonymous_9)
DA:2,1
DA:3,1
DA:7,1
DA:14,1
DA:24,11
DA:25,11
DA:26,6
DA:27,6
DA:29,5
DA:30,5
DA:34,6
DA:35,6
DA:39,1
DA:40,1
DA:45,0
DA:46,0
DA:47,0
DA:49,0
DA:50,0
DA:51,0
DA:54,0
DA:55,0
DA:56,0
DA:57,0
DA:63,7
DA:64,7
DA:69,0
DA:70,0
DA:71,0
DA:72,0
DA:77,2
DA:78,2
DA:82,2
DA:92,1
LF:34
LH:20
BRDA:6,0,0,1
BRDA:25,1,0,6
BRDA:25,1,1,5
BRDA:33,2,0,5
BRDA:44,3,0,0
BRDA:49,4,0,0
BRDA:49,4,1,0
BRDA:78,5,0,2
BRDA:78,5,1,0
BRF:9
BRH:5
end_of_record
TN:
SF:src/services/clashApiService.js
FN:7,(anonymous_0)
FN:13,(anonymous_1)
FN:17,(anonymous_2)
FN:27,(anonymous_3)
FN:37,(anonymous_4)
FN:70,(anonymous_5)
FN:73,(anonymous_6)
FN:81,(anonymous_7)
FN:90,(anonymous_8)
FN:103,(anonymous_9)
FN:107,(anonymous_10)
FN:122,(anonymous_11)
FN:158,(anonymous_12)
FN:188,(anonymous_13)
FN:198,(anonymous_14)
FN:212,(anonymous_15)
FN:221,(anonymous_16)
FN:290,(anonymous_17)
FN:312,(anonymous_18)
FN:334,(anonymous_19)
FN:360,(anonymous_20)
FN:381,(anonymous_21)
FN:407,(anonymous_22)
FN:421,(anonymous_23)
FNF:24
FNH:0
FNDA:0,(anonymous_0)
FNDA:0,(anonymous_1)
FNDA:0,(anonymous_2)
FNDA:0,(anonymous_3)
FNDA:0,(anonymous_4)
FNDA:0,(anonymous_5)
FNDA:0,(anonymous_6)
FNDA:0,(anonymous_7)
FNDA:0,(anonymous_8)
FNDA:0,(anonymous_9)
FNDA:0,(anonymous_10)
FNDA:0,(anonymous_11)
FNDA:0,(anonymous_12)
FNDA:0,(anonymous_13)
FNDA:0,(anonymous_14)
FNDA:0,(anonymous_15)
FNDA:0,(anonymous_16)
FNDA:0,(anonymous_17)
FNDA:0,(anonymous_18)
FNDA:0,(anonymous_19)
FNDA:0,(anonymous_20)
FNDA:0,(anonymous_21)
FNDA:0,(anonymous_22)
FNDA:0,(anonymous_23)
DA:1,0
DA:2,0
DA:3,0
DA:4,0
DA:8,0
DA:9,0
DA:10,0
DA:15,0
DA:16,0
DA:17,0
DA:21,0
DA:22,0
DA:23,0
DA:25,0
DA:26,0
DA:27,0
DA:32,0
DA:38,0
DA:39,0
DA:40,0
DA:41,0
DA:51,0
DA:54,0
DA:55,0
DA:58,0
DA:61,0
DA:62,0
DA:63,0
DA:64,0
DA:67,0
DA:70,0
DA:75,0
DA:76,0
DA:77,0
DA:81,0
DA:83,0
DA:84,0
DA:87,0
DA:92,0
DA:93,0
DA:97,0
DA:98,0
DA:100,0
DA:104,0
DA:108,0
DA:109,0
DA:110,0
DA:111,0
DA:113,0
DA:114,0
DA:115,0
DA:117,0
DA:118,0
DA:123,0
DA:124,0
DA:125,0
DA:129,0
DA:139,0
DA:140,0
DA:141,0
DA:142,0
DA:143,0
DA:144,0
DA:146,0
DA:147,0
DA:149,0
DA:150,0
DA:152,0
DA:153,0
DA:158,0
DA:160,0
DA:161,0
DA:165,0
DA:168,0
DA:169,0
DA:172,0
DA:174,0
DA:177,0
DA:178,0
DA:182,0
DA:188,0
DA:191,0
DA:192,0
DA:198,0
DA:202,0
DA:206,0
DA:209,0
DA:213,0
DA:216,0
DA:217,0
DA:218,0
DA:223,0
DA:225,0
DA:226,0
DA:228,0
DA:230,0
DA:231,0
DA:232,0
DA:241,0
DA:242,0
DA:244,0
DA:245,0
DA:247,0
DA:253,0
DA:257,0
DA:258,0
DA:260,0
DA:261,0
DA:263,0
DA:270,0
DA:271,0
DA:272,0
DA:273,0
DA:274,0
DA:275,0
DA:276,0
DA:277,0
DA:279,0
DA:281,0
DA:282,0
DA:284,0
DA:291,0
DA:292,0
DA:293,0
DA:294,0
DA:295,0
DA:296,0
DA:299,0
DA:300,0
DA:301,0
DA:304,0
DA:305,0
DA:307,0
DA:308,0
DA:313,0
DA:314,0
DA:315,0
DA:316,0
DA:317,0
DA:318,0
DA:321,0
DA:322,0
DA:323,0
DA:326,0
DA:327,0
DA:329,0
DA:330,0
DA:335,0
DA:336,0
DA:337,0
DA:338,0
DA:339,0
DA:340,0
DA:343,0
DA:344,0
DA:345,0
DA:348,0
DA:349,0
DA:352,0
DA:353,0
DA:355,0
DA:356,0
DA:361,0
DA:362,0
DA:363,0
DA:364,0
DA:365,0
DA:366,0
DA:369,0
DA:370,0
DA:373,0
DA:374,0
DA:376,0
DA:377,0
DA:382,0
DA:383,0
DA:384,0
DA:385,0
DA:386,0
DA:387,0
DA:390,0
DA:391,0
DA:392,0
DA:398,0
DA:399,0
DA:401,0
DA:402,0
DA:408,0
DA:409,0
DA:410,0
DA:412,0
DA:413,0
DA:422,0
DA:439,0
LF:194
LH:0
BRDA:7,0,0,0
BRDA:7,1,0,0
BRDA:21,2,0,0
BRDA:21,2,1,0
BRDA:25,3,0,0
BRDA:25,3,1,0
BRDA:64,4,0,0
BRDA:64,4,1,0
BRDA:76,5,0,0
BRDA:76,5,1,0
BRDA:83,6,0,0
BRDA:83,6,1,0
BRDA:92,7,0,0
BRDA:92,7,1,0
BRDA:92,8,0,0
BRDA:92,8,1,0
BRDA:113,9,0,0
BRDA:113,9,1,0
BRDA:113,10,0,0
BRDA:113,10,1,0
BRDA:113,10,2,0
BRDA:113,10,3,0
BRDA:124,11,0,0
BRDA:124,11,1,0
BRDA:139,12,0,0
BRDA:139,12,1,0
BRDA:160,13,0,0
BRDA:160,13,1,0
BRDA:161,14,0,0
BRDA:161,14,1,0
BRDA:165,15,0,0
BRDA:165,15,1,0
BRDA:165,15,2,0
BRDA:165,15,3,0
BRDA:168,16,0,0
BRDA:168,16,1,0
BRDA:172,17,0,0
BRDA:172,17,1,0
BRDA:172,18,0,0
BRDA:172,18,1,0
BRDA:178,19,0,0
BRDA:178,19,1,0
BRDA:213,20,0,0
BRDA:213,20,1,0
BRDA:217,21,0,0
BRDA:217,21,1,0
BRDA:221,22,0,0
BRDA:226,23,0,0
BRDA:226,23,1,0
BRDA:234,24,0,0
BRDA:234,24,1,0
BRDA:270,25,0,0
BRDA:270,25,1,0
BRDA:272,26,0,0
BRDA:272,26,1,0
BRDA:274,27,0,0
BRDA:274,27,1,0
BRDA:276,28,0,0
BRDA:276,28,1,0
BRDA:281,29,0,0
BRDA:281,29,1,0
BRDA:281,30,0,0
BRDA:281,30,1,0
BRDA:294,31,0,0
BRDA:294,31,1,0
BRDA:316,32,0,0
BRDA:316,32,1,0
BRDA:338,33,0,0
BRDA:338,33,1,0
BRDA:352,34,0,0
BRDA:352,34,1,0
BRDA:352,35,0,0
BRDA:352,35,1,0
BRDA:360,36,0,0
BRDA:364,37,0,0
BRDA:364,37,1,0
BRDA:381,38,0,0
BRDA:385,39,0,0
BRDA:385,39,1,0
BRDA:432,40,0,0
BRDA:432,40,1,0
BRF:81
BRH:0
end_of_record
TN:
SF:src/services/databaseService.js
FN:6,(anonymous_0)
FN:24,(anonymous_1)
FN:53,(anonymous_2)
FN:54,(anonymous_3)
FN:91,(anonymous_4)
FN:92,(anonymous_5)
FN:103,(anonymous_6)
FN:109,(anonymous_7)
FN:116,(anonymous_8)
FN:123,(anonymous_9)
FN:125,(anonymous_10)
FN:131,(anonymous_11)
FN:138,(anonymous_12)
FN:145,(anonymous_13)
FN:158,(anonymous_14)
FN:169,(anonymous_15)
FN:180,(anonymous_16)
FN:201,(anonymous_17)
FN:201,(anonymous_18)
FNF:19
FNH:0
FNDA:0,(anonymous_0)
FNDA:0,(anonymous_1)
FNDA:0,(anonymous_2)
FNDA:0,(anonymous_3)
FNDA:0,(anonymous_4)
FNDA:0,(anonymous_5)
FNDA:0,(anonymous_6)
FNDA:0,(anonymous_7)
FNDA:0,(anonymous_8)
FNDA:0,(anonymous_9)
FNDA:0,(anonymous_10)
FNDA:0,(anonymous_11)
FNDA:0,(anonymous_12)
FNDA:0,(anonymous_13)
FNDA:0,(anonymous_14)
FNDA:0,(anonymous_15)
FNDA:0,(anonymous_16)
FNDA:0,(anonymous_17)
FNDA:0,(anonymous_18)
DA:1,0
DA:2,0
DA:3,0
DA:7,0
DA:8,0
DA:9,0
DA:10,0
DA:11,0
DA:12,0
DA:13,0
DA:14,0
DA:21,0
DA:25,0
DA:27,0
DA:28,0
DA:32,0
DA:33,0
DA:34,0
DA:37,0
DA:38,0
DA:41,0
DA:52,0
DA:53,0
DA:54,0
DA:56,0
DA:59,0
DA:61,0
DA:62,0
DA:63,0
DA:64,0
DA:66,0
DA:69,0
DA:72,0
DA:75,0
DA:77,0
DA:79,0
DA:80,0
DA:81,0
DA:84,0
DA:87,0
DA:88,0
DA:89,0
DA:91,0
DA:92,0
DA:95,0
DA:96,0
DA:99,0
DA:105,0
DA:106,0
DA:109,0
DA:110,0
DA:111,0
DA:112,0
DA:113,0
DA:116,0
DA:117,0
DA:118,0
DA:119,0
DA:122,0
DA:123,0
DA:124,0
DA:125,0
DA:131,0
DA:132,0
DA:133,0
DA:134,0
DA:140,0
DA:141,0
DA:145,0
DA:146,0
DA:147,0
DA:148,0
DA:149,0
DA:151,0
DA:152,0
DA:159,0
DA:162,0
DA:163,0
DA:166,0
DA:170,0
DA:181,0
DA:183,0
DA:185,0
DA:186,0
DA:187,0
DA:190,0
DA:191,0
DA:192,0
DA:196,0
DA:199,0
DA:201,0
DA:204,0
DA:205,0
DA:206,0
DA:207,0
DA:209,0
DA:211,0
DA:212,0
DA:218,0
DA:219,0
LF:100
LH:0
BRDA:24,0,0,0
BRDA:27,1,0,0
BRDA:27,1,1,0
BRDA:27,2,0,0
BRDA:27,2,1,0
BRDA:32,3,0,0
BRDA:32,3,1,0
BRDA:37,4,0,0
BRDA:37,4,1,0
BRDA:87,5,0,0
BRDA:87,5,1,0
BRDA:122,6,0,0
BRDA:122,6,1,0
BRDA:140,7,0,0
BRDA:140,7,1,0
BRDA:146,8,0,0
BRDA:146,8,1,0
BRDA:159,9,0,0
BRDA:159,9,1,0
BRDA:162,10,0,0
BRDA:162,10,1,0
BRDA:172,11,0,0
BRDA:172,11,1,0
BRDA:175,12,0,0
BRDA:175,12,1,0
BRDA:181,13,0,0
BRDA:181,13,1,0
BRDA:185,14,0,0
BRDA:185,14,1,0
BRDA:190,15,0,0
BRDA:190,15,1,0
BRF:31
BRH:0
end_of_record
TN:
SF:src/utils/errorHandler.js
FN:15,(anonymous_0)
FN:94,(anonymous_1)
FN:104,(anonymous_2)
FN:135,(anonymous_3)
FNF:4
FNH:0
FNDA:0,(anonymous_0)
FNDA:0,(anonymous_1)
FNDA:0,(anonymous_2)
FNDA:0,(anonymous_3)
DA:3,0
DA:17,0
DA:18,0
DA:19,0
DA:20,0
DA:23,0
DA:25,0
DA:27,0
DA:28,0
DA:29,0
DA:30,0
DA:31,0
DA:32,0
DA:33,0
DA:34,0
DA:35,0
DA:36,0
DA:37,0
DA:38,0
DA:39,0
DA:40,0
DA:41,0
DA:42,0
DA:44,0
DA:45,0
DA:47,0
DA:48,0
DA:49,0
DA:50,0
DA:51,0
DA:52,0
DA:53,0
DA:54,0
DA:55,0
DA:56,0
DA:57,0
DA:58,0
DA:59,0
DA:60,0
DA:61,0
DA:62,0
DA:66,0
DA:72,0
DA:73,0
DA:77,0
DA:78,0
DA:81,0
DA:83,0
DA:96,0
DA:99,0
DA:100,0
DA:101,0
DA:103,0
DA:104,0
DA:107,0
DA:108,0
DA:110,0
DA:111,0
DA:112,0
DA:114,0
DA:115,0
DA:116,0
DA:117,0
DA:118,0
DA:119,0
DA:121,0
DA:122,0
DA:126,0
DA:136,0
DA:142,0
DA:146,0
LF:71
LH:0
BRDA:15,0,0,0
BRDA:23,1,0,0
BRDA:23,1,1,0
BRDA:27,2,0,0
BRDA:27,2,1,0
BRDA:31,3,0,0
BRDA:31,3,1,0
BRDA:35,4,0,0
BRDA:35,4,1,0
BRDA:39,5,0,0
BRDA:39,5,1,0
BRDA:47,6,0,0
BRDA:47,6,1,0
BRDA:47,7,0,0
BRDA:47,7,1,0
BRDA:51,8,0,0
BRDA:51,8,1,0
BRDA:51,9,0,0
BRDA:51,9,1,0
BRDA:55,10,0,0
BRDA:55,10,1,0
BRDA:55,11,0,0
BRDA:55,11,1,0
BRDA:59,12,0,0
BRDA:59,12,1,0
BRDA:59,13,0,0
BRDA:59,13,1,0
BRDA:72,14,0,0
BRDA:72,14,1,0
BRDA:99,15,0,0
BRDA:99,15,1,0
BRDA:101,16,0,0
BRDA:101,16,1,0
BRDA:103,17,0,0
BRDA:103,17,1,0
BRDA:107,18,0,0
BRDA:107,18,1,0
BRDA:108,19,0,0
BRDA:108,19,1,0
BRDA:110,20,0,0
BRDA:110,20,1,0
BRDA:110,21,0,0
BRDA:110,21,1,0
BRDA:112,22,0,0
BRDA:112,22,1,0
BRDA:114,23,0,0
BRDA:114,23,1,0
BRDA:115,24,0,0
BRDA:115,24,1,0
BRDA:116,25,0,0
BRDA:116,25,1,0
BRDA:118,26,0,0
BRDA:118,26,1,0
BRDA:118,27,0,0
BRDA:118,27,1,0
BRDA:121,28,0,0
BRDA:121,28,1,0
BRF:57
BRH:0
end_of_record
TN:
SF:src/utils/logger.js
FN:13,(anonymous_0)
FN:76,(anonymous_1)
FN:82,(anonymous_2)
FN:84,(anonymous_3)
FN:85,(anonymous_4)
FN:86,(anonymous_5)
FN:87,(anonymous_6)
FN:88,(anonymous_7)
FN:89,(anonymous_8)
FN:90,(anonymous_9)
FNF:10
FNH:3
FNDA:1,(anonymous_0)
FNDA:0,(anonymous_1)
FNDA:14,(anonymous_2)
FNDA:0,(anonymous_3)
FNDA:1,(anonymous_4)
FNDA:0,(anonymous_5)
FNDA:0,(anonymous_6)
FNDA:0,(anonymous_7)
FNDA:0,(anonymous_8)
FNDA:0,(anonymous_9)
DA:1,2
DA:2,2
DA:3,2
DA:4,2
DA:7,2
DA:8,2
DA:9,0
DA:13,2
DA:14,1
DA:17,1
DA:21,2
DA:75,2
DA:77,0
DA:82,2
DA:83,14
DA:84,0
DA:85,1
DA:86,0
DA:87,0
DA:88,0
DA:89,0
DA:90,0
DA:95,2
DA:105,2
LF:24
LH:16
BRDA:8,0,0,0
BRDA:8,0,1,2
BRDA:14,1,0,1
BRDA:14,1,1,0
BRDA:17,2,0,1
BRDA:17,2,1,0
BRDA:22,3,0,2
BRDA:22,3,1,2
BRDA:84,4,0,0
BRDA:85,5,0,0
BRDA:86,6,0,0
BRDA:87,7,0,0
BRDA:88,8,0,0
BRDA:89,9,0,0
BRDA:90,10,0,0
BRF:15
BRH:5
end_of_record
TN:
SF:src/utils/permissions.js
FN:2,hasRequiredRole
FN:11,(anonymous_1)
FN:22,(anonymous_2)
FNF:3
FNH:0
FNDA:0,hasRequiredRole
FNDA:0,(anonymous_1)
FNDA:0,(anonymous_2)
DA:3,0
DA:11,0
DA:12,0
DA:16,0
DA:19,0
DA:21,0
DA:22,0
DA:23,0
DA:26,0
DA:30,0
DA:34,0
LF:11
LH:0
BRDA:12,0,0,0
BRDA:12,0,1,0
BRDA:16,1,0,0
BRDA:16,1,1,0
BRDA:19,2,0,0
BRDA:19,2,1,0
BRDA:22,3,0,0
BRDA:22,3,1,0
BRDA:22,4,0,0
BRDA:22,4,1,0
BRDA:23,5,0,0
BRDA:23,5,1,0
BRF:12
BRH:0
end_of_record
TN:
SF:src/utils/security.js
FN:14,(anonymous_0)
FN:23,(anonymous_1)
FN:33,(anonymous_2)
FN:66,(anonymous_3)
FN:101,(anonymous_4)
FN:122,(anonymous_5)
FN:125,(anonymous_6)
FN:134,(anonymous_7)
FN:137,(anonymous_8)
FN:155,(anonymous_9)
FN:189,(anonymous_10)
FN:222,(anonymous_11)
FN:235,(anonymous_12)
FN:236,(anonymous_13)
FNF:14
FNH:8
FNDA:2,(anonymous_0)
FNDA:4,(anonymous_1)
FNDA:2,(anonymous_2)
FNDA:2,(anonymous_3)
FNDA:2,(anonymous_4)
FNDA:0,(anonymous_5)
FNDA:0,(anonymous_6)
FNDA:0,(anonymous_7)
FNDA:0,(anonymous_8)
FNDA:4,(anonymous_9)
FNDA:6,(anonymous_10)
FNDA:0,(anonymous_11)
FNDA:1,(anonymous_12)
FNDA:0,(anonymous_13)
DA:2,1
DA:3,1
DA:15,2
DA:24,4
DA:34,2
DA:35,2
DA:37,1
DA:39,1
DA:42,1
DA:49,1
DA:50,1
DA:53,1
DA:55,0
DA:56,0
DA:67,2
DA:68,2
DA:70,1
DA:72,1
DA:73,1
DA:75,1
DA:76,1
DA:79,1
DA:86,1
DA:87,1
DA:89,1
DA:91,0
DA:92,0
DA:102,2
DA:105,1
DA:108,1
DA:111,1
DA:113,1
DA:123,0
DA:125,0
DA:135,0
DA:137,0
DA:138,0
DA:145,1
DA:156,4
DA:157,4
DA:160,4
DA:161,1
DA:168,4
DA:171,4
DA:172,0
DA:174,0
DA:175,0
DA:178,0
DA:188,4
DA:189,6
DA:193,4
DA:195,1
DA:196,1
DA:198,1
DA:200,1
DA:209,3
DA:211,3
DA:223,0
DA:225,0
DA:227,0
DA:229,0
DA:236,1
DA:241,1
DA:243,1
LF:64
LH:47
BRDA:14,0,0,1
BRDA:33,1,0,2
BRDA:34,2,0,0
BRDA:34,2,1,2
BRDA:35,3,0,1
BRDA:35,3,1,1
BRDA:66,4,0,2
BRDA:67,5,0,0
BRDA:67,5,1,2
BRDA:68,6,0,1
BRDA:68,6,1,1
BRDA:73,7,0,0
BRDA:73,7,1,1
BRDA:102,8,0,1
BRDA:102,8,1,1
BRDA:123,9,0,0
BRDA:123,9,1,0
BRDA:123,10,0,0
BRDA:123,10,1,0
BRDA:135,11,0,0
BRDA:135,11,1,0
BRDA:135,12,0,0
BRDA:135,12,1,0
BRDA:135,12,2,0
BRDA:138,13,0,0
BRDA:138,13,1,0
BRDA:155,14,0,0
BRDA:155,15,0,0
BRDA:160,16,0,1
BRDA:160,16,1,3
BRDA:171,17,0,0
BRDA:171,17,1,4
BRDA:172,18,0,0
BRDA:172,18,1,0
BRDA:193,19,0,1
BRDA:193,19,1,3
BRDA:227,20,0,0
BRDA:227,20,1,0
BRDA:227,21,0,0
BRDA:227,21,1,0
BRDA:227,21,2,0
BRDA:227,21,3,0
BRF:42
BRH:17
end_of_record
TN:
SF:src/utils/statusMonitor.js
FN:3,(anonymous_0)
FN:17,(anonymous_1)
FN:26,(anonymous_2)
FN:40,(anonymous_3)
FN:55,(anonymous_4)
FN:66,(anonymous_5)
FN:72,(anonymous_6)
FNF:7
FNH:0
FNDA:0,(anonymous_0)
FNDA:0,(anonymous_1)
FNDA:0,(anonymous_2)
FNDA:0,(anonymous_3)
FNDA:0,(anonymous_4)
FNDA:0,(anonymous_5)
FNDA:0,(anonymous_6)
DA:4,0
DA:18,0
DA:20,0
DA:21,0
DA:27,0
DA:29,0
DA:30,0
DA:32,0
DA:33,0
DA:34,0
DA:42,0
DA:43,0
DA:46,0
DA:56,0
DA:57,0
DA:58,0
DA:59,0
DA:60,0
DA:62,0
DA:67,0
DA:68,0
DA:73,0
DA:88,0
LF:23
LH:0
BRDA:17,0,0,0
BRDA:17,1,0,0
BRDA:17,2,0,0
BRDA:20,3,0,0
BRDA:20,3,1,0
BRDA:20,4,0,0
BRDA:20,4,1,0
BRDA:26,5,0,0
BRDA:26,6,0,0
BRDA:29,7,0,0
BRDA:29,7,1,0
BRDA:33,8,0,0
BRDA:33,8,1,0
BRDA:42,9,0,0
BRDA:42,9,1,0
BRDA:67,10,0,0
BRDA:67,10,1,0
BRF:17
BRH:0
end_of_record
TN:
SF:src/utils/validators.js
FN:10,validateTag
FN:54,validateClanSearchParams
FN:119,formatChannelId
FNF:3
FNH:1
FNDA:6,validateTag
FNDA:0,validateClanSearchParams
FNDA:0,formatChannelId
DA:11,6
DA:12,2
DA:19,4
DA:22,4
DA:25,4
DA:27,4
DA:28,4
DA:35,0
DA:36,0
DA:42,0
DA:55,0
DA:56,0
DA:59,0
DA:60,0
DA:61,0
DA:63,0
DA:68,0
DA:69,0
DA:70,0
DA:71,0
DA:73,0
DA:78,0
DA:79,0
DA:83,0
DA:84,0
DA:87,0
DA:88,0
DA:92,0
DA:93,0
DA:97,0
DA:98,0
DA:102,0
DA:103,0
DA:105,0
DA:108,0
DA:120,0
DA:123,0
DA:124,0
DA:128,0
DA:129,0
DA:130,0
DA:133,0
DA:136,1
LF:43
LH:8
BRDA:11,0,0,2
BRDA:11,0,1,4
BRDA:22,1,0,3
BRDA:22,1,1,1
BRDA:27,2,0,4
BRDA:27,2,1,0
BRDA:35,3,0,0
BRDA:35,3,1,0
BRDA:35,4,0,0
BRDA:35,4,1,0
BRDA:59,5,0,0
BRDA:59,5,1,0
BRDA:60,6,0,0
BRDA:60,6,1,0
BRDA:60,7,0,0
BRDA:60,7,1,0
BRDA:68,8,0,0
BRDA:68,8,1,0
BRDA:70,9,0,0
BRDA:70,9,1,0
BRDA:78,10,0,0
BRDA:78,10,1,0
BRDA:78,11,0,0
BRDA:78,11,1,0
BRDA:83,12,0,0
BRDA:83,12,1,0
BRDA:83,13,0,0
BRDA:83,13,1,0
BRDA:83,13,2,0
BRDA:87,14,0,0
BRDA:87,14,1,0
BRDA:87,15,0,0
BRDA:87,15,1,0
BRDA:87,15,2,0
BRDA:92,16,0,0
BRDA:92,16,1,0
BRDA:92,17,0,0
BRDA:92,17,1,0
BRDA:97,18,0,0
BRDA:97,18,1,0
BRDA:97,19,0,0
BRDA:97,19,1,0
BRDA:97,19,2,0
BRDA:102,20,0,0
BRDA:102,20,1,0
BRDA:102,21,0,0
BRDA:102,21,1,0
BRDA:110,22,0,0
BRDA:110,22,1,0
BRDA:120,23,0,0
BRDA:120,23,1,0
BRDA:123,24,0,0
BRDA:123,24,1,0
BRDA:129,25,0,0
BRDA:129,25,1,0
BRF:55
BRH:5
end_of_record
